This file contains any messages produced by compilers while
running configure, to aid debugging if configure makes a mistake.

It was created by libisal configure 2.14.0, which was
generated by GNU Autoconf 2.71.  Invocation command line was

  $ ./configure

## --------- ##
## Platform. ##
## --------- ##

hostname = chuqiao-Precision-3630-Tower
uname -m = x86_64
uname -r = 5.15.0-48-generic
uname -s = Linux
uname -v = #54-Ubuntu SMP Fri Aug 26 13:26:29 UTC 2022

/usr/bin/uname -p = x86_64
/bin/uname -X     = unknown

/bin/arch              = x86_64
/usr/bin/arch -k       = unknown
/usr/convex/getsysinfo = unknown
/usr/bin/hostinfo      = unknown
/bin/machine           = unknown
/usr/bin/oslevel       = unknown
/bin/universe          = unknown

PATH: /home/chuqiao/bin/
PATH: /usr/local/sbin/
PATH: /usr/local/bin/
PATH: /usr/sbin/
PATH: /usr/bin/
PATH: /sbin/
PATH: /bin/
PATH: /usr/games/
PATH: /usr/local/games/
PATH: /snap/bin/
PATH: /usr/local/go/bin/


## ----------- ##
## Core tests. ##
## ----------- ##

configure:2531: looking for aux files: config.guess config.sub ltmain.sh compile missing install-sh
configure:2544:  trying ./build-aux/
configure:2573:   ./build-aux/config.guess found
configure:2573:   ./build-aux/config.sub found
configure:2573:   ./build-aux/ltmain.sh found
configure:2573:   ./build-aux/compile found
configure:2573:   ./build-aux/missing found
configure:2555:   ./build-aux/install-sh found
configure:2704: checking for a BSD-compatible install
configure:2777: result: /usr/bin/install -c
configure:2788: checking whether build environment is sane
configure:2843: result: yes
configure:3002: checking for a race-free mkdir -p
configure:3046: result: /usr/bin/mkdir -p
configure:3053: checking for gawk
configure:3088: result: no
configure:3053: checking for mawk
configure:3074: found /usr/bin/mawk
configure:3085: result: mawk
configure:3096: checking whether make sets $(MAKE)
configure:3119: result: yes
configure:3149: checking whether make supports nested variables
configure:3167: result: yes
configure:3242: checking how to create a pax tar archive
configure:3253: tar --version
tar (GNU tar) 1.34
Copyright (C) 2021 Free Software Foundation, Inc.
License GPLv3+: GNU GPL version 3 or later <https://gnu.org/licenses/gpl.html>.
This is free software: you are free to change and redistribute it.
There is NO WARRANTY, to the extent permitted by law.

Written by John Gilmore and Jay Fenlason.
configure:3256: $? = 0
configure:3296: tardir=conftest.dir && eval tar --format=posix -chf - "$tardir" >conftest.tar
configure:3299: $? = 0
configure:3303: tar -xf - <conftest.tar
configure:3306: $? = 0
configure:3308: cat conftest.dir/file
GrepMe
configure:3311: $? = 0
configure:3325: result: gnutar
configure:3402: checking whether make supports the include directive
configure:3417: make -f confmf.GNU && cat confinc.out
this is the am__doit target
configure:3420: $? = 0
configure:3439: result: yes (GNU style)
configure:3515: checking for gcc
configure:3536: found /usr/bin/gcc
configure:3547: result: gcc
configure:3900: checking for C compiler version
configure:3909: gcc --version >&5
gcc (Ubuntu 11.2.0-19ubuntu1) 11.2.0
Copyright (C) 2021 Free Software Foundation, Inc.
This is free software; see the source for copying conditions.  There is NO
warranty; not even for MERCHANTABILITY or FITNESS FOR A PARTICULAR PURPOSE.

configure:3920: $? = 0
configure:3909: gcc -v >&5
Using built-in specs.
COLLECT_GCC=gcc
COLLECT_LTO_WRAPPER=/usr/lib/gcc/x86_64-linux-gnu/11/lto-wrapper
OFFLOAD_TARGET_NAMES=nvptx-none:amdgcn-amdhsa
OFFLOAD_TARGET_DEFAULT=1
Target: x86_64-linux-gnu
Configured with: ../src/configure -v --with-pkgversion='Ubuntu 11.2.0-19ubuntu1' --with-bugurl=file:///usr/share/doc/gcc-11/README.Bugs --enable-languages=c,ada,c++,go,brig,d,fortran,objc,obj-c++,m2 --prefix=/usr --with-gcc-major-version-only --program-suffix=-11 --program-prefix=x86_64-linux-gnu- --enable-shared --enable-linker-build-id --libexecdir=/usr/lib --without-included-gettext --enable-threads=posix --libdir=/usr/lib --enable-nls --enable-bootstrap --enable-clocale=gnu --enable-libstdcxx-debug --enable-libstdcxx-time=yes --with-default-libstdcxx-abi=new --enable-gnu-unique-object --disable-vtable-verify --enable-plugin --enable-default-pie --with-system-zlib --enable-libphobos-checking=release --with-target-system-zlib=auto --enable-objc-gc=auto --enable-multiarch --disable-werror --enable-cet --with-arch-32=i686 --with-abi=m64 --with-multilib-list=m32,m64,mx32 --enable-multilib --with-tune=generic --enable-offload-targets=nvptx-none=/build/gcc-11-gBFGDP/gcc-11-11.2.0/debian/tmp-nvptx/usr,amdgcn-amdhsa=/build/gcc-11-gBFGDP/gcc-11-11.2.0/debian/tmp-gcn/usr --without-cuda-driver --enable-checking=release --build=x86_64-linux-gnu --host=x86_64-linux-gnu --target=x86_64-linux-gnu --with-build-config=bootstrap-lto-lean --enable-link-serialization=2
Thread model: posix
Supported LTO compression algorithms: zlib zstd
gcc version 11.2.0 (Ubuntu 11.2.0-19ubuntu1) 
... rest of stderr output deleted ...
configure:3920: $? = 0
configure:3909: gcc -V >&5
gcc: error: unrecognized command-line option '-V'
gcc: fatal error: no input files
compilation terminated.
configure:3920: $? = 1
configure:3909: gcc -qversion >&5
gcc: error: unrecognized command-line option '-qversion'; did you mean '--version'?
gcc: fatal error: no input files
compilation terminated.
configure:3920: $? = 1
configure:3909: gcc -version >&5
gcc: error: unrecognized command-line option '-version'
gcc: fatal error: no input files
compilation terminated.
configure:3920: $? = 1
configure:3940: checking whether the C compiler works
configure:3962: gcc    conftest.c  >&5
configure:3966: $? = 0
configure:4016: result: yes
configure:4019: checking for C compiler default output file name
configure:4021: result: a.out
configure:4027: checking for suffix of executables
configure:4034: gcc -o conftest    conftest.c  >&5
configure:4038: $? = 0
configure:4061: result: 
configure:4083: checking whether we are cross compiling
configure:4091: gcc -o conftest    conftest.c  >&5
configure:4095: $? = 0
configure:4102: ./conftest
configure:4106: $? = 0
configure:4121: result: no
configure:4126: checking for suffix of object files
configure:4149: gcc -c   conftest.c >&5
configure:4153: $? = 0
configure:4175: result: o
configure:4179: checking whether the compiler supports GNU C
configure:4199: gcc -c   conftest.c >&5
configure:4199: $? = 0
configure:4209: result: yes
configure:4220: checking whether gcc accepts -g
configure:4241: gcc -c -g  conftest.c >&5
configure:4241: $? = 0
configure:4285: result: yes
configure:4305: checking for gcc option to enable C11 features
configure:4320: gcc  -c -g -O2  conftest.c >&5
configure:4320: $? = 0
configure:4338: result: none needed
configure:4454: checking whether gcc understands -c and -o together
configure:4477: gcc -c conftest.c -o conftest2.o
configure:4480: $? = 0
configure:4477: gcc -c conftest.c -o conftest2.o
configure:4480: $? = 0
configure:4492: result: yes
configure:4511: checking dependency style of gcc
configure:4623: result: gcc3
configure:4647: checking dependency style of gcc
configure:4757: result: gcc3
configure:4780: checking for stdio.h
configure:4780: gcc -c -g -O2  conftest.c >&5
configure:4780: $? = 0
configure:4780: result: yes
configure:4780: checking for stdlib.h
configure:4780: gcc -c -g -O2  conftest.c >&5
configure:4780: $? = 0
configure:4780: result: yes
configure:4780: checking for string.h
configure:4780: gcc -c -g -O2  conftest.c >&5
configure:4780: $? = 0
configure:4780: result: yes
configure:4780: checking for inttypes.h
configure:4780: gcc -c -g -O2  conftest.c >&5
configure:4780: $? = 0
configure:4780: result: yes
configure:4780: checking for stdint.h
configure:4780: gcc -c -g -O2  conftest.c >&5
configure:4780: $? = 0
configure:4780: result: yes
configure:4780: checking for strings.h
configure:4780: gcc -c -g -O2  conftest.c >&5
configure:4780: $? = 0
configure:4780: result: yes
configure:4780: checking for sys/stat.h
configure:4780: gcc -c -g -O2  conftest.c >&5
configure:4780: $? = 0
configure:4780: result: yes
configure:4780: checking for sys/types.h
configure:4780: gcc -c -g -O2  conftest.c >&5
configure:4780: $? = 0
configure:4780: result: yes
configure:4780: checking for unistd.h
configure:4780: gcc -c -g -O2  conftest.c >&5
configure:4780: $? = 0
configure:4780: result: yes
configure:4780: checking for wchar.h
configure:4780: gcc -c -g -O2  conftest.c >&5
configure:4780: $? = 0
configure:4780: result: yes
configure:4780: checking for minix/config.h
configure:4780: gcc -c -g -O2  conftest.c >&5
conftest.c:49:10: fatal error: minix/config.h: No such file or directory
   49 | #include <minix/config.h>
      |          ^~~~~~~~~~~~~~~~
compilation terminated.
configure:4780: $? = 1
configure: failed program was:
| /* confdefs.h */
| #define PACKAGE_NAME "libisal"
| #define PACKAGE_TARNAME "isa-l"
| #define PACKAGE_VERSION "2.14.0"
| #define PACKAGE_STRING "libisal 2.14.0"
| #define PACKAGE_BUGREPORT "sg.support.isal@intel.com"
| #define PACKAGE_URL "http://01.org/storage-acceleration-library"
| #define PACKAGE "isa-l"
| #define VERSION "2.14.0"
| #define HAVE_STDIO_H 1
| #define HAVE_STDLIB_H 1
| #define HAVE_STRING_H 1
| #define HAVE_INTTYPES_H 1
| #define HAVE_STDINT_H 1
| #define HAVE_STRINGS_H 1
| #define HAVE_SYS_STAT_H 1
| #define HAVE_SYS_TYPES_H 1
| #define HAVE_UNISTD_H 1
| #define HAVE_WCHAR_H 1
| /* end confdefs.h.  */
| #include <stddef.h>
| #ifdef HAVE_STDIO_H
| # include <stdio.h>
| #endif
| #ifdef HAVE_STDLIB_H
| # include <stdlib.h>
| #endif
| #ifdef HAVE_STRING_H
| # include <string.h>
| #endif
| #ifdef HAVE_INTTYPES_H
| # include <inttypes.h>
| #endif
| #ifdef HAVE_STDINT_H
| # include <stdint.h>
| #endif
| #ifdef HAVE_STRINGS_H
| # include <strings.h>
| #endif
| #ifdef HAVE_SYS_TYPES_H
| # include <sys/types.h>
| #endif
| #ifdef HAVE_SYS_STAT_H
| # include <sys/stat.h>
| #endif
| #ifdef HAVE_UNISTD_H
| # include <unistd.h>
| #endif
| #include <minix/config.h>
configure:4780: result: no
configure:4811: checking whether it is safe to define __EXTENSIONS__
configure:4830: gcc -c -g -O2  conftest.c >&5
configure:4830: $? = 0
configure:4838: result: yes
configure:4841: checking whether _XOPEN_SOURCE should be defined
configure:4863: gcc -c -g -O2  conftest.c >&5
configure:4863: $? = 0
configure:4890: result: no
configure:4958: checking whether make supports nested variables
configure:4976: result: yes
configure:5019: checking build system type
configure:5034: result: x86_64-pc-linux-gnu
configure:5054: checking host system type
configure:5068: result: x86_64-pc-linux-gnu
configure:5109: checking how to print strings
configure:5136: result: printf
configure:5157: checking for a sed that does not truncate output
configure:5227: result: /usr/bin/sed
configure:5245: checking for grep that handles long lines and -e
configure:5309: result: /usr/bin/grep
configure:5314: checking for egrep
configure:5382: result: /usr/bin/grep -E
configure:5387: checking for fgrep
configure:5455: result: /usr/bin/grep -F
configure:5491: checking for ld used by gcc
configure:5559: result: /usr/bin/ld
configure:5566: checking if the linker (/usr/bin/ld) is GNU ld
configure:5582: result: yes
configure:5594: checking for BSD- or MS-compatible name lister (nm)
configure:5649: result: /usr/bin/nm -B
configure:5789: checking the name lister (/usr/bin/nm -B) interface
configure:5797: gcc -c -g -O2  conftest.c >&5
configure:5800: /usr/bin/nm -B "conftest.o"
configure:5803: output
0000000000000000 B some_variable
configure:5810: result: BSD nm
configure:5813: checking whether ln -s works
configure:5817: result: yes
configure:5825: checking the maximum length of command line arguments
configure:5957: result: 1572864
configure:6005: checking how to convert x86_64-pc-linux-gnu file names to x86_64-pc-linux-gnu format
configure:6046: result: func_convert_file_noop
configure:6053: checking how to convert x86_64-pc-linux-gnu file names to toolchain format
configure:6074: result: func_convert_file_noop
configure:6081: checking for /usr/bin/ld option to reload object files
configure:6089: result: -r
configure:6168: checking for objdump
configure:6189: found /usr/bin/objdump
configure:6200: result: objdump
configure:6232: checking how to recognize dependent libraries
configure:6433: result: pass_all
configure:6523: checking for dlltool
configure:6558: result: no
configure:6588: checking how to associate runtime and link libraries
configure:6616: result: printf %s\n
configure:6681: checking for ar
configure:6702: found /usr/bin/ar
configure:6713: result: ar
configure:6750: checking for archiver @FILE support
configure:6768: gcc -c -g -O2  conftest.c >&5
configure:6768: $? = 0
configure:6772: ar cr libconftest.a @conftest.lst >&5
configure:6775: $? = 0
configure:6780: ar cr libconftest.a @conftest.lst >&5
ar: conftest.o: No such file or directory
configure:6783: $? = 1
configure:6795: result: @
configure:6858: checking for strip
configure:6879: found /usr/bin/strip
configure:6890: result: strip
configure:6967: checking for ranlib
configure:6988: found /usr/bin/ranlib
configure:6999: result: ranlib
configure:7101: checking command to parse /usr/bin/nm -B output from gcc object
configure:7255: gcc -c -g -O2  conftest.c >&5
configure:7258: $? = 0
configure:7262: /usr/bin/nm -B conftest.o | sed -n -e 's/^.*[	 ]\([ABCDGIRSTW][ABCDGIRSTW]*\)[	 ][	 ]*\([_A-Za-z][_A-Za-z0-9]*\)$/\1 \2 \2/p' | sed '/ __gnu_lto/d' > conftest.nm
configure:7328: gcc -o conftest -g -O2   conftest.c conftstm.o >&5
configure:7331: $? = 0
configure:7369: result: ok
configure:7416: checking for sysroot
configure:7447: result: no
configure:7454: checking for a working dd
configure:7498: result: /usr/bin/dd
configure:7502: checking how to truncate binary pipes
configure:7518: result: /usr/bin/dd bs=4096 count=1
configure:7655: gcc -c -g -O2  conftest.c >&5
configure:7658: $? = 0
configure:7855: checking for mt
configure:7876: found /usr/bin/mt
configure:7887: result: mt
configure:7910: checking if mt is a manifest tool
configure:7917: mt '-?'
configure:7925: result: no
configure:8651: checking for dlfcn.h
configure:8651: gcc -c -g -O2  conftest.c >&5
configure:8651: $? = 0
configure:8651: result: yes
configure:8910: checking for objdir
configure:8926: result: .libs
configure:9186: checking if gcc supports -fno-rtti -fno-exceptions
configure:9205: gcc -c -g -O2  -fno-rtti -fno-exceptions conftest.c >&5
cc1: warning: command-line option '-fno-rtti' is valid for C++/D/ObjC++ but not for C
configure:9209: $? = 0
configure:9222: result: no
configure:9586: checking for gcc option to produce PIC
configure:9594: result: -fPIC -DPIC
configure:9602: checking if gcc PIC flag -fPIC -DPIC works
configure:9621: gcc -c -g -O2  -fPIC -DPIC -DPIC conftest.c >&5
configure:9625: $? = 0
configure:9638: result: yes
configure:9667: checking if gcc static flag -static works
configure:9696: result: yes
configure:9711: checking if gcc supports -c -o file.o
configure:9733: gcc -c -g -O2  -o out/conftest2.o conftest.c >&5
configure:9737: $? = 0
configure:9759: result: yes
configure:9767: checking if gcc supports -c -o file.o
configure:9815: result: yes
configure:9848: checking whether the gcc linker (/usr/bin/ld -m elf_x86_64) supports shared libraries
configure:11118: result: yes
configure:11155: checking whether -lc should be explicitly linked in
configure:11164: gcc -c -g -O2  conftest.c >&5
configure:11167: $? = 0
configure:11182: gcc -shared  -fPIC -DPIC conftest.o  -v -Wl,-soname -Wl,conftest -o conftest 2\>\&1 \| /usr/bin/grep  -lc  \>/dev/null 2\>\&1
configure:11185: $? = 0
configure:11199: result: no
configure:11359: checking dynamic linker characteristics
configure:11941: gcc -o conftest -g -O2   -Wl,-rpath -Wl,/foo conftest.c  >&5
configure:11941: $? = 0
configure:12192: result: GNU/Linux ld.so
configure:12314: checking how to hardcode library paths into programs
configure:12339: result: immediate
configure:12891: checking whether stripping libraries is possible
configure:12896: result: yes
configure:12931: checking if libtool supports shared libraries
configure:12933: result: yes
configure:12936: checking whether to build shared libraries
configure:12961: result: yes
configure:12964: checking whether to build static libraries
configure:12968: result: yes
configure:13006: checking for a sed that does not truncate output
configure:13076: result: /usr/bin/sed
configure:13084: checking for yasm
configure:13105: found /usr/bin/yasm
configure:13117: result: yes
configure:13128: checking checking for modern yasm
configure:13135: result: yes
configure:13178: result: Using yasm args target "unknown" "-f elf64"
configure:13183: checking for limits.h
configure:13183: gcc -c -g -O2  conftest.c >&5
configure:13183: $? = 0
configure:13183: result: yes
configure:13189: checking for stdint.h
configure:13189: result: yes
configure:13195: checking for stdlib.h
configure:13195: result: yes
configure:13201: checking for string.h
configure:13201: result: yes
configure:13210: checking for inline
configure:13227: gcc -c -g -O2  conftest.c >&5
configure:13227: $? = 0
configure:13236: result: inline
configure:13254: checking for size_t
configure:13254: gcc -c -g -O2  conftest.c >&5
configure:13254: $? = 0
configure:13254: gcc -c -g -O2  conftest.c >&5
conftest.c: In function 'main':
conftest.c:75:21: error: expected expression before ')' token
   75 | if (sizeof ((size_t)))
      |                     ^
configure:13254: $? = 1
configure: failed program was:
| /* confdefs.h */
| #define PACKAGE_NAME "libisal"
| #define PACKAGE_TARNAME "isa-l"
| #define PACKAGE_VERSION "2.14.0"
| #define PACKAGE_STRING "libisal 2.14.0"
| #define PACKAGE_BUGREPORT "sg.support.isal@intel.com"
| #define PACKAGE_URL "http://01.org/storage-acceleration-library"
| #define PACKAGE "isa-l"
| #define VERSION "2.14.0"
| #define HAVE_STDIO_H 1
| #define HAVE_STDLIB_H 1
| #define HAVE_STRING_H 1
| #define HAVE_INTTYPES_H 1
| #define HAVE_STDINT_H 1
| #define HAVE_STRINGS_H 1
| #define HAVE_SYS_STAT_H 1
| #define HAVE_SYS_TYPES_H 1
| #define HAVE_UNISTD_H 1
| #define HAVE_WCHAR_H 1
| #define STDC_HEADERS 1
| #define _ALL_SOURCE 1
| #define _DARWIN_C_SOURCE 1
| #define _GNU_SOURCE 1
| #define _HPUX_ALT_XOPEN_SOCKET_API 1
| #define _NETBSD_SOURCE 1
| #define _OPENBSD_SOURCE 1
| #define _POSIX_PTHREAD_SEMANTICS 1
| #define __STDC_WANT_IEC_60559_ATTRIBS_EXT__ 1
| #define __STDC_WANT_IEC_60559_BFP_EXT__ 1
| #define __STDC_WANT_IEC_60559_DFP_EXT__ 1
| #define __STDC_WANT_IEC_60559_FUNCS_EXT__ 1
| #define __STDC_WANT_IEC_60559_TYPES_EXT__ 1
| #define __STDC_WANT_LIB_EXT2__ 1
| #define __STDC_WANT_MATH_SPEC_FUNCS__ 1
| #define _TANDEM_SOURCE 1
| #define __EXTENSIONS__ 1
| #define HAVE_DLFCN_H 1
| #define LT_OBJDIR ".libs/"
| #define HAVE_LIMITS_H 1
| #define HAVE_STDINT_H 1
| #define HAVE_STDLIB_H 1
| #define HAVE_STRING_H 1
| /* end confdefs.h.  */
| #include <stddef.h>
| #ifdef HAVE_STDIO_H
| # include <stdio.h>
| #endif
| #ifdef HAVE_STDLIB_H
| # include <stdlib.h>
| #endif
| #ifdef HAVE_STRING_H
| # include <string.h>
| #endif
| #ifdef HAVE_INTTYPES_H
| # include <inttypes.h>
| #endif
| #ifdef HAVE_STDINT_H
| # include <stdint.h>
| #endif
| #ifdef HAVE_STRINGS_H
| # include <strings.h>
| #endif
| #ifdef HAVE_SYS_TYPES_H
| # include <sys/types.h>
| #endif
| #ifdef HAVE_SYS_STAT_H
| # include <sys/stat.h>
| #endif
| #ifdef HAVE_UNISTD_H
| # include <unistd.h>
| #endif
| int
| main (void)
| {
| if (sizeof ((size_t)))
| 	    return 0;
|   ;
|   return 0;
| }
configure:13254: result: yes
configure:13264: checking for uint16_t
configure:13264: gcc -c -g -O2  conftest.c >&5
configure:13264: $? = 0
configure:13264: result: yes
configure:13274: checking for uint32_t
configure:13274: gcc -c -g -O2  conftest.c >&5
configure:13274: $? = 0
configure:13274: result: yes
configure:13286: checking for uint64_t
configure:13286: gcc -c -g -O2  conftest.c >&5
configure:13286: $? = 0
configure:13286: result: yes
configure:13298: checking for uint8_t
configure:13298: gcc -c -g -O2  conftest.c >&5
configure:13298: $? = 0
configure:13298: result: yes
configure:13312: checking for GNU libc compatible malloc
configure:13344: gcc -o conftest -g -O2   conftest.c  >&5
configure:13344: $? = 0
configure:13344: ./conftest
configure:13344: $? = 0
configure:13355: result: yes
configure:13377: checking for memmove
configure:13377: gcc -o conftest -g -O2   conftest.c  >&5
conftest.c:61:6: warning: conflicting types for built-in function 'memmove'; expected 'void *(void *, const void *, long unsigned int)' [-Wbuiltin-declaration-mismatch]
   61 | char memmove ();
      |      ^~~~~~~
conftest.c:53:1: note: 'memmove' is declared in header '<string.h>'
   52 | #include <limits.h>
   53 | #undef memmove
configure:13377: $? = 0
configure:13377: result: yes
configure:13383: checking for memset
configure:13383: gcc -o conftest -g -O2   conftest.c  >&5
conftest.c:62:6: warning: conflicting types for built-in function 'memset'; expected 'void *(void *, int,  long unsigned int)' [-Wbuiltin-declaration-mismatch]
   62 | char memset ();
      |      ^~~~~~
conftest.c:54:1: note: 'memset' is declared in header '<string.h>'
   53 | #include <limits.h>
   54 | #undef memset
configure:13383: $? = 0
configure:13383: result: yes
configure:13543: checking that generated files are newer than configure
configure:13549: result: done
configure:13580: creating ./config.status

## ---------------------- ##
## Running config.status. ##
## ---------------------- ##

This file was extended by libisal config.status 2.14.0, which was
generated by GNU Autoconf 2.71.  Invocation command line was

  CONFIG_FILES    = 
  CONFIG_HEADERS  = 
  CONFIG_LINKS    = 
  CONFIG_COMMANDS = 
  $ ./config.status 

on chuqiao-Precision-3630-Tower

config.status:1018: creating Makefile
config.status:1018: creating libisal.pc
config.status:1190: executing depfiles commands
config.status:1267: cd .       && sed -e '/# am--include-marker/d' Makefile         | make -f - am--depfiles
config.status:1272: $? = 0
config.status:1190: executing libtool commands
configure:15536: result:
        isa-l 2.14.0
        =====

        prefix:                 /usr
        sysconfdir:             ${prefix}/etc
        libdir:                 ${exec_prefix}/lib
        includedir:             ${prefix}/include

        compiler:               gcc
        cflags:                 -g -O2
        ldflags:                

        debug:                  no


## ---------------- ##
## Cache variables. ##
## ---------------- ##

ac_cv_build=x86_64-pc-linux-gnu
ac_cv_c_compiler_gnu=yes
ac_cv_c_inline=inline
ac_cv_c_uint16_t=yes
ac_cv_c_uint32_t=yes
ac_cv_c_uint64_t=yes
ac_cv_c_uint8_t=yes
ac_cv_env_CCASFLAGS_set=
ac_cv_env_CCASFLAGS_value=
ac_cv_env_CCAS_set=
ac_cv_env_CCAS_value=
ac_cv_env_CC_set=
ac_cv_env_CC_value=
ac_cv_env_CFLAGS_set=
ac_cv_env_CFLAGS_value=
ac_cv_env_CPPFLAGS_set=
ac_cv_env_CPPFLAGS_value=
ac_cv_env_LDFLAGS_set=
ac_cv_env_LDFLAGS_value=
ac_cv_env_LIBS_set=
ac_cv_env_LIBS_value=
ac_cv_env_LT_SYS_LIBRARY_PATH_set=
ac_cv_env_LT_SYS_LIBRARY_PATH_value=
ac_cv_env_build_alias_set=
ac_cv_env_build_alias_value=
ac_cv_env_host_alias_set=
ac_cv_env_host_alias_value=
ac_cv_env_target_alias_set=
ac_cv_env_target_alias_value=
ac_cv_func_malloc_0_nonnull=yes
ac_cv_func_memmove=yes
ac_cv_func_memset=yes
ac_cv_header_dlfcn_h=yes
ac_cv_header_inttypes_h=yes
ac_cv_header_limits_h=yes
ac_cv_header_minix_config_h=no
ac_cv_header_stdint_h=yes
ac_cv_header_stdio_h=yes
ac_cv_header_stdlib_h=yes
ac_cv_header_string_h=yes
ac_cv_header_strings_h=yes
ac_cv_header_sys_stat_h=yes
ac_cv_header_sys_types_h=yes
ac_cv_header_unistd_h=yes
ac_cv_header_wchar_h=yes
ac_cv_host=x86_64-pc-linux-gnu
ac_cv_objext=o
ac_cv_path_EGREP='/usr/bin/grep -E'
ac_cv_path_FGREP='/usr/bin/grep -F'
ac_cv_path_GREP=/usr/bin/grep
ac_cv_path_SED=/usr/bin/sed
ac_cv_path_install='/usr/bin/install -c'
ac_cv_path_lt_DD=/usr/bin/dd
ac_cv_path_mkdir=/usr/bin/mkdir
ac_cv_prog_AWK=mawk
ac_cv_prog_HAVE_YASM=yes
ac_cv_prog_ac_ct_AR=ar
ac_cv_prog_ac_ct_CC=gcc
ac_cv_prog_ac_ct_MANIFEST_TOOL=mt
ac_cv_prog_ac_ct_OBJDUMP=objdump
ac_cv_prog_ac_ct_RANLIB=ranlib
ac_cv_prog_ac_ct_STRIP=strip
ac_cv_prog_cc_c11=
ac_cv_prog_cc_g=yes
ac_cv_prog_cc_stdc=
ac_cv_prog_make_make_set=yes
ac_cv_safe_to_define___extensions__=yes
ac_cv_should_define__xopen_source=no
ac_cv_type_size_t=yes
am_cv_CCAS_dependencies_compiler_type=gcc3
am_cv_CC_dependencies_compiler_type=gcc3
am_cv_make_support_nested_variables=yes
am_cv_prog_cc_c_o=yes
am_cv_prog_tar_pax=gnutar
lt_cv_ar_at_file=@
lt_cv_archive_cmds_need_lc=no
lt_cv_deplibs_check_method=pass_all
lt_cv_file_magic_cmd='$MAGIC_CMD'
lt_cv_file_magic_test_file=
lt_cv_ld_reload_flag=-r
lt_cv_nm_interface='BSD nm'
lt_cv_objdir=.libs
lt_cv_path_LD=/usr/bin/ld
lt_cv_path_NM='/usr/bin/nm -B'
lt_cv_path_mainfest_tool=no
lt_cv_prog_compiler_c_o=yes
lt_cv_prog_compiler_pic='-fPIC -DPIC'
lt_cv_prog_compiler_pic_works=yes
lt_cv_prog_compiler_rtti_exceptions=no
lt_cv_prog_compiler_static_works=yes
lt_cv_prog_gnu_ld=yes
lt_cv_sharedlib_from_linklib_cmd='printf %s\n'
lt_cv_shlibpath_overrides_runpath=yes
lt_cv_sys_global_symbol_pipe='sed -n -e '\''s/^.*[	 ]\([ABCDGIRSTW][ABCDGIRSTW]*\)[	 ][	 ]*\([_A-Za-z][_A-Za-z0-9]*\)$/\1 \2 \2/p'\'' | sed '\''/ __gnu_lto/d'\'''
lt_cv_sys_global_symbol_to_c_name_address='sed -n -e '\''s/^: \(.*\) .*$/  {"\1", (void *) 0},/p'\'' -e '\''s/^[ABCDGIRSTW][ABCDGIRSTW]* .* \(.*\)$/  {"\1", (void *) \&\1},/p'\'''
lt_cv_sys_global_symbol_to_c_name_address_lib_prefix='sed -n -e '\''s/^: \(.*\) .*$/  {"\1", (void *) 0},/p'\'' -e '\''s/^[ABCDGIRSTW][ABCDGIRSTW]* .* \(lib.*\)$/  {"\1", (void *) \&\1},/p'\'' -e '\''s/^[ABCDGIRSTW][ABCDGIRSTW]* .* \(.*\)$/  {"lib\1", (void *) \&\1},/p'\'''
lt_cv_sys_global_symbol_to_cdecl='sed -n -e '\''s/^T .* \(.*\)$/extern int \1();/p'\'' -e '\''s/^[ABCDGIRSTW][ABCDGIRSTW]* .* \(.*\)$/extern char \1;/p'\'''
lt_cv_sys_global_symbol_to_import=
lt_cv_sys_max_cmd_len=1572864
lt_cv_to_host_file_cmd=func_convert_file_noop
lt_cv_to_tool_file_cmd=func_convert_file_noop
lt_cv_truncate_bin='/usr/bin/dd bs=4096 count=1'

## ----------------- ##
## Output variables. ##
## ----------------- ##

ACLOCAL='${SHELL} '\''/home/chuqiao/workspace/logecmem/isa-l-2.14.0/build-aux/missing'\'' aclocal-1.16'
AMDEPBACKSLASH='\'
AMDEP_FALSE='#'
AMDEP_TRUE=''
AMTAR='$${TAR-tar}'
AM_BACKSLASH='\'
AM_DEFAULT_V='$(AM_DEFAULT_VERBOSITY)'
AM_DEFAULT_VERBOSITY='0'
AM_V='$(V)'
AR='ar'
AUTOCONF='${SHELL} '\''/home/chuqiao/workspace/logecmem/isa-l-2.14.0/build-aux/missing'\'' autoconf'
AUTOHEADER='${SHELL} '\''/home/chuqiao/workspace/logecmem/isa-l-2.14.0/build-aux/missing'\'' autoheader'
AUTOMAKE='${SHELL} '\''/home/chuqiao/workspace/logecmem/isa-l-2.14.0/build-aux/missing'\'' automake-1.16'
AWK='mawk'
CC='gcc'
CCAS='gcc'
CCASDEPMODE='depmode=gcc3'
CCASFLAGS='-g -O2'
CCDEPMODE='depmode=gcc3'
CFLAGS='-g -O2'
CPPFLAGS=''
CSCOPE='cscope'
CTAGS='ctags'
CYGPATH_W='echo'
DARWIN_FALSE=''
DARWIN_TRUE='#'
DEFS='-DPACKAGE_NAME=\"libisal\" -DPACKAGE_TARNAME=\"isa-l\" -DPACKAGE_VERSION=\"2.14.0\" -DPACKAGE_STRING=\"libisal\ 2.14.0\" -DPACKAGE_BUGREPORT=\"sg.support.isal@intel.com\" -DPACKAGE_URL=\"http://01.org/storage-acceleration-library\" -DPACKAGE=\"isa-l\" -DVERSION=\"2.14.0\" -DHAVE_STDIO_H=1 -DHAVE_STDLIB_H=1 -DHAVE_STRING_H=1 -DHAVE_INTTYPES_H=1 -DHAVE_STDINT_H=1 -DHAVE_STRINGS_H=1 -DHAVE_SYS_STAT_H=1 -DHAVE_SYS_TYPES_H=1 -DHAVE_UNISTD_H=1 -DHAVE_WCHAR_H=1 -DSTDC_HEADERS=1 -D_ALL_SOURCE=1 -D_DARWIN_C_SOURCE=1 -D_GNU_SOURCE=1 -D_HPUX_ALT_XOPEN_SOCKET_API=1 -D_NETBSD_SOURCE=1 -D_OPENBSD_SOURCE=1 -D_POSIX_PTHREAD_SEMANTICS=1 -D__STDC_WANT_IEC_60559_ATTRIBS_EXT__=1 -D__STDC_WANT_IEC_60559_BFP_EXT__=1 -D__STDC_WANT_IEC_60559_DFP_EXT__=1 -D__STDC_WANT_IEC_60559_FUNCS_EXT__=1 -D__STDC_WANT_IEC_60559_TYPES_EXT__=1 -D__STDC_WANT_LIB_EXT2__=1 -D__STDC_WANT_MATH_SPEC_FUNCS__=1 -D_TANDEM_SOURCE=1 -D__EXTENSIONS__=1 -DHAVE_DLFCN_H=1 -DLT_OBJDIR=\".libs/\" -DHAVE_LIMITS_H=1 -DHAVE_STDINT_H=1 -DHAVE_STDLIB_H=1 -DHAVE_STRING_H=1 -DHAVE_MALLOC=1 -DHAVE_MEMMOVE=1 -DHAVE_MEMSET=1'
DEPDIR='.deps'
DLLTOOL='false'
DSYMUTIL=''
DUMPBIN=''
ECHO_C=''
ECHO_N='-n'
ECHO_T=''
EGREP='/usr/bin/grep -E'
ETAGS='etags'
EXEEXT=''
FGREP='/usr/bin/grep -F'
GREP='/usr/bin/grep'
HAVE_YASM='yes'
INSTALL_DATA='${INSTALL} -m 644'
INSTALL_PROGRAM='${INSTALL}'
INSTALL_SCRIPT='${INSTALL}'
INSTALL_STRIP_PROGRAM='$(install_sh) -c -s'
LD='/usr/bin/ld -m elf_x86_64'
LDFLAGS=''
LIBOBJS=''
LIBS=''
LIBTOOL='$(SHELL) $(top_builddir)/libtool'
LIPO=''
LN_S='ln -s'
LTLIBOBJS=''
LT_SYS_LIBRARY_PATH=''
MAKEINFO='${SHELL} '\''/home/chuqiao/workspace/logecmem/isa-l-2.14.0/build-aux/missing'\'' makeinfo'
MANIFEST_TOOL=':'
MKDIR_P='/usr/bin/mkdir -p'
NM='/usr/bin/nm -B'
NMEDIT=''
OBJDUMP='objdump'
OBJEXT='o'
OTOOL64=''
OTOOL=''
PACKAGE='isa-l'
PACKAGE_BUGREPORT='sg.support.isal@intel.com'
PACKAGE_NAME='libisal'
PACKAGE_STRING='libisal 2.14.0'
PACKAGE_TARNAME='isa-l'
PACKAGE_URL='http://01.org/storage-acceleration-library'
PACKAGE_VERSION='2.14.0'
PATH_SEPARATOR=':'
RANLIB='ranlib'
SED='/usr/bin/sed'
SET_MAKE=''
SHELL='/bin/bash'
STRIP='strip'
VERSION='2.14.0'
ac_ct_AR='ar'
ac_ct_CC='gcc'
ac_ct_DUMPBIN=''
am__EXEEXT_FALSE=''
am__EXEEXT_TRUE='#'
am__fastdepCCAS_FALSE='#'
am__fastdepCCAS_TRUE=''
am__fastdepCC_FALSE='#'
am__fastdepCC_TRUE=''
am__include='include'
am__isrc=''
am__leading_dot='.'
am__nodep='_no'
am__quote=''
am__tar='tar --format=posix -chf - "$$tardir"'
am__untar='tar -xf -'
bindir='${exec_prefix}/bin'
build='x86_64-pc-linux-gnu'
build_alias=''
build_cpu='x86_64'
build_os='linux-gnu'
build_vendor='pc'
datadir='${datarootdir}'
datarootdir='${prefix}/share'
docdir='${datarootdir}/doc/${PACKAGE_TARNAME}'
dvidir='${docdir}'
exec_prefix='${prefix}'
host='x86_64-pc-linux-gnu'
host_alias=''
host_cpu='x86_64'
host_os='linux-gnu'
host_vendor='pc'
htmldir='${docdir}'
includedir='${prefix}/include'
infodir='${datarootdir}/info'
install_sh='${SHELL} /home/chuqiao/workspace/logecmem/isa-l-2.14.0/build-aux/install-sh'
libdir='${exec_prefix}/lib'
libexecdir='${exec_prefix}/libexec'
localedir='${datarootdir}/locale'
localstatedir='${prefix}/var'
mandir='${datarootdir}/man'
mkdir_p='$(MKDIR_P)'
my_CFLAGS='-Wall -Wchar-subscripts -Wformat-security -Wnested-externs -Wpointer-arith -Wshadow -Wstrict-prototypes -Wtype-limits '
oldincludedir='/usr/include'
pdfdir='${docdir}'
prefix='/usr'
program_transform_name='s,x,x,'
psdir='${docdir}'
runstatedir='${localstatedir}/run'
sbindir='${exec_prefix}/sbin'
sharedstatedir='${prefix}/com'
sysconfdir='${prefix}/etc'
target_alias=''
yasm_args='-f elf64'

## ----------- ##
## confdefs.h. ##
## ----------- ##

/* confdefs.h */
#define PACKAGE_NAME "libisal"
#define PACKAGE_TARNAME "isa-l"
#define PACKAGE_VERSION "2.14.0"
#define PACKAGE_STRING "libisal 2.14.0"
#define PACKAGE_BUGREPORT "sg.support.isal@intel.com"
#define PACKAGE_URL "http://01.org/storage-acceleration-library"
#define PACKAGE "isa-l"
#define VERSION "2.14.0"
#define HAVE_STDIO_H 1
#define HAVE_STDLIB_H 1
#define HAVE_STRING_H 1
#define HAVE_INTTYPES_H 1
#define HAVE_STDINT_H 1
#define HAVE_STRINGS_H 1
#define HAVE_SYS_STAT_H 1
#define HAVE_SYS_TYPES_H 1
#define HAVE_UNISTD_H 1
#define HAVE_WCHAR_H 1
#define STDC_HEADERS 1
#define _ALL_SOURCE 1
#define _DARWIN_C_SOURCE 1
#define _GNU_SOURCE 1
#define _HPUX_ALT_XOPEN_SOCKET_API 1
#define _NETBSD_SOURCE 1
#define _OPENBSD_SOURCE 1
#define _POSIX_PTHREAD_SEMANTICS 1
#define __STDC_WANT_IEC_60559_ATTRIBS_EXT__ 1
#define __STDC_WANT_IEC_60559_BFP_EXT__ 1
#define __STDC_WANT_IEC_60559_DFP_EXT__ 1
#define __STDC_WANT_IEC_60559_FUNCS_EXT__ 1
#define __STDC_WANT_IEC_60559_TYPES_EXT__ 1
#define __STDC_WANT_LIB_EXT2__ 1
#define __STDC_WANT_MATH_SPEC_FUNCS__ 1
#define _TANDEM_SOURCE 1
#define __EXTENSIONS__ 1
#define HAVE_DLFCN_H 1
#define LT_OBJDIR ".libs/"
#define HAVE_LIMITS_H 1
#define HAVE_STDINT_H 1
#define HAVE_STDLIB_H 1
#define HAVE_STRING_H 1
#define HAVE_MALLOC 1
#define HAVE_MEMMOVE 1
#define HAVE_MEMSET 1

configure: exit 0
