#
# A fatal error has been detected by the Java Runtime Environment:
#
#  SIGBUS (0x7) at pc=0x00007f2308f1b311, pid=1659, tid=0x00007f2309071640
#
# JRE version: OpenJDK Runtime Environment (8.0_352-b08) (build 1.8.0_352-8u352-ga-1~22.04-b08)
# Java VM: OpenJDK 64-Bit Server VM (25.352-b08 mixed mode linux-amd64 compressed oops)
# Problematic frame:
# C  [libzip.so+0x5311]
#
# Core dump written. Default location: /home/xcq/imkv/ycsb/core or core.1659
#
# If you would like to submit a bug report, please visit:
#   http://bugreport.java.com/bugreport/crash.jsp
# The crash happened outside the Java Virtual Machine in native code.
# See problematic frame for where to report the bug.
#

---------------  T H R E A D  ---------------

Current thread (0x00007f230400a000):  JavaThread "main" [_thread_in_native, id=1660, stack(0x00007f2308f72000,0x00007f2309072000)]

siginfo: si_signo: 7 (SIGBUS), si_code: 2 (BUS_ADRERR), si_addr: 0x00007f22bc06bddd

Registers:
RAX=0x00007f22880018d0, RBX=0x00007f230414b210, RCX=0x0000000000000000, RDX=0x00007f23040008e0
RSP=0x00007f230906e970, RBP=0x00007f230906e9e0, RSI=0x0000000000000000, RDI=0x0000000000000013
R8 =0x00007f230400a000, R9 =0x0000000000000043, R10=0x00007f22f5124658, R11=0x0000000000000043
R12=0x000000000000edbd, R13=0x00000000be3e5e5e, R14=0x00007f22bc06bdbd, R15=0x00007f22880018d0
RIP=0x00007f2308f1b311, EFLAGS=0x0000000000010206, CSGSFS=0x002b000000000033, ERR=0x0000000000000004
  TRAPNO=0x000000000000000e

Top of Stack: (sp=0x00007f230906e970)
0x00007f230906e970:   00007f230906e9a0 00007f230000000c
0x00007f230906e980:   00007f230000000d 00007f22f5013340
0x00007f230906e990:   00007f22f500045f 00007f2300000002
0x00007f230906e9a0:   000000000400a000 00007f2309cd8a69
0x00007f230906e9b0:   0000000000000001 00007f230414d8c0
0x00007f230906e9c0:   0000000000000043 00000000be3e5e5e
0x00007f230906e9d0:   00007f226c001450 00007f230414b210
0x00007f230906e9e0:   00007f230906ea40 00007f2308f1cae5
0x00007f230906e9f0:   00007f22bc1e43d8 010000069ec7d700
0x00007f230906ea00:   00007f230906ea60 0000000000000043
0x00007f230906ea10:   00007f230906ef08 0000000000000001
0x00007f230906ea20:   0000000000000043 00007f230906ea60
0x00007f230906ea30:   00007f230414b210 00007f230400a260
0x00007f230906ea40:   00007f230906eea0 00007f2308f1aa19
0x00007f230906ea50:   00007f230906eab0 00007f230906eeb8
0x00007f230906ea60:   6f6861792f6d6f63 6d2f627363792f6f
0x00007f230906ea70:   656d657275736165 6f7078652f73746e
0x00007f230906ea80:   7865542f72657472 6572757361654d74
0x00007f230906ea90:   70784573746e656d 6c632e726574726f
0x00007f230906eaa0:   00007f0000737361 00007f230906eb89
0x00007f230906eab0:   00007f22bc1e43d8 00007f230400a000
0x00007f230906eac0:   00007f22bc1e43d8 00007f230400a000
0x00007f230906ead0:   00007f230400a730 00007f230400b700
0x00007f230906eae0:   00007f230400b710 00007f230400bae8
0x00007f230906eaf0:   00000000000003d8 0000000000000000
0x00007f230906eb00:   00007f22bc1e43d8 00007f230400a000
0x00007f230906eb10:   000000000906f598 00007f23bc3c5848
0x00007f230906eb20:   0000000000000000 00007f2309f36433
0x00007f230906eb30:   00007f22bc1e43d8 00007f230400a000
0x00007f230906eb40:   00007f230906f270 000000069ec7d700
0x00007f230906eb50:   00000006a9a88088 79ffb7678fd81c20
0x00007f230906eb60:   00007f2300000000 0000000000000009 

Instructions: (pc=0x00007f2308f1b311)
0x00007f2308f1b2f1:   8b 73 48 48 8b 7b 10 b9 a0 00 00 00 4c 89 e2 e8
0x00007f2308f1b301:   ab fe ff ff 49 89 c6 4d 85 f6 0f 84 4f 03 00 00
0x00007f2308f1b311:   41 0f b7 46 20 45 0f b7 6e 1c 48 c7 45 c8 00 00
0x00007f2308f1b321:   00 00 45 0f b7 66 1e 66 89 45 b4 44 89 e9 89 45 

Register to memory mapping:

RAX=0x00007f22880018d0 is an unknown value
RBX=0x00007f230414b210 is an unknown value
RCX=0x0000000000000000 is an unknown value
RDX=0x00007f23040008e0 is an unknown value
RSP=0x00007f230906e970 is pointing into the stack for thread: 0x00007f230400a000
RBP=0x00007f230906e9e0 is pointing into the stack for thread: 0x00007f230400a000
RSI=0x0000000000000000 is an unknown value
RDI=0x0000000000000013 is an unknown value
R8 =0x00007f230400a000 is a thread
R9 =0x0000000000000043 is an unknown value
R10=0x00007f22f5124658 is at entry_point+88 in (nmethod*)0x00007f22f5124490
R11=0x0000000000000043 is an unknown value
R12=0x000000000000edbd is an unknown value
R13=0x00000000be3e5e5e is an unknown value
R14=0x00007f22bc06bdbd is an unknown value
R15=0x00007f22880018d0 is an unknown value


Stack: [0x00007f2308f72000,0x00007f2309072000],  sp=0x00007f230906e970,  free space=1010k
Native frames: (J=compiled Java code, j=interpreted, Vv=VM code, C=native code)
C  [libzip.so+0x5311]
C  [libzip.so+0x6ae5]
C  [libzip.so+0x4a19]  Java_java_util_zip_ZipFile_getEntry+0x89
J 70  java.util.zip.ZipFile.getEntry(J[BZ)J (0 bytes) @ 0x00007f22f51246ce [0x00007f22f5124600+0xce]
J 87 C1 java.util.zip.ZipFile.getEntry(Ljava/lang/String;)Ljava/util/zip/ZipEntry; (101 bytes) @ 0x00007f22f513430c [0x00007f22f51340a0+0x26c]
J 54 C1 sun.misc.URLClassPath$JarLoader.getResource(Ljava/lang/String;Z)Lsun/misc/Resource; (85 bytes) @ 0x00007f22f511f4a4 [0x00007f22f511f240+0x264]
j  sun.misc.URLClassPath.getResource(Ljava/lang/String;Z)Lsun/misc/Resource;+62
j  java.net.URLClassLoader$1.run()Ljava/lang/Class;+26
j  java.net.URLClassLoader$1.run()Ljava/lang/Object;+1
v  ~StubRoutines::call_stub
V  [libjvm.so+0x69b735]
V  [libjvm.so+0x753c46]  JVM_DoPrivileged+0x306
j  java.security.AccessController.doPrivileged(Ljava/security/PrivilegedExceptionAction;Ljava/security/AccessControlContext;)Ljava/lang/Object;+0
j  java.net.URLClassLoader.findClass(Ljava/lang/String;)Ljava/lang/Class;+13
J 103 C1 java.lang.ClassLoader.loadClass(Ljava/lang/String;Z)Ljava/lang/Class; (122 bytes) @ 0x00007f22f513f284 [0x00007f22f513e920+0x964]
j  sun.misc.Launcher$AppClassLoader.loadClass(Ljava/lang/String;Z)Ljava/lang/Class;+81
j  java.lang.ClassLoader.loadClass(Ljava/lang/String;)Ljava/lang/Class;+3
v  ~StubRoutines::call_stub
V  [libjvm.so+0x69b735]
V  [libjvm.so+0x698e5f]
V  [libjvm.so+0x6994e8]
V  [libjvm.so+0xaa777d]
V  [libjvm.so+0xaa83da]
V  [libjvm.so+0xaaa1da]
V  [libjvm.so+0x74f092]
V  [libjvm.so+0x74f4f6]  JVM_FindClassFromCaller+0x1a6
C  [libjava.so+0xea9f]  Java_java_lang_Class_forName0+0xdf
j  java.lang.Class.forName0(Ljava/lang/String;ZLjava/lang/ClassLoader;Ljava/lang/Class;)Ljava/lang/Class;+0
j  java.lang.Class.forName(Ljava/lang/String;)Ljava/lang/Class;+11
j  com.yahoo.ycsb.Client.exportMeasurements(Ljava/util/Properties;IJ)V+47
j  com.yahoo.ycsb.Client.main([Ljava/lang/String;)V+1551
v  ~StubRoutines::call_stub
V  [libjvm.so+0x69b735]
V  [libjvm.so+0x71fd05]
V  [libjvm.so+0x72239e]
C  [libjli.so+0x47f2]
C  [libjli.so+0x8971]
C  [libc.so.6+0x94b43]

Java frames: (J=compiled Java code, j=interpreted, Vv=VM code)
J 70  java.util.zip.ZipFile.getEntry(J[BZ)J (0 bytes) @ 0x00007f22f5124658 [0x00007f22f5124600+0x58]
J 87 C1 java.util.zip.ZipFile.getEntry(Ljava/lang/String;)Ljava/util/zip/ZipEntry; (101 bytes) @ 0x00007f22f513430c [0x00007f22f51340a0+0x26c]
J 54 C1 sun.misc.URLClassPath$JarLoader.getResource(Ljava/lang/String;Z)Lsun/misc/Resource; (85 bytes) @ 0x00007f22f511f4a4 [0x00007f22f511f240+0x264]
j  sun.misc.URLClassPath.getResource(Ljava/lang/String;Z)Lsun/misc/Resource;+62
j  java.net.URLClassLoader$1.run()Ljava/lang/Class;+26
j  java.net.URLClassLoader$1.run()Ljava/lang/Object;+1
v  ~StubRoutines::call_stub
j  java.security.AccessController.doPrivileged(Ljava/security/PrivilegedExceptionAction;Ljava/security/AccessControlContext;)Ljava/lang/Object;+0
j  java.net.URLClassLoader.findClass(Ljava/lang/String;)Ljava/lang/Class;+13
J 103 C1 java.lang.ClassLoader.loadClass(Ljava/lang/String;Z)Ljava/lang/Class; (122 bytes) @ 0x00007f22f513f284 [0x00007f22f513e920+0x964]
j  sun.misc.Launcher$AppClassLoader.loadClass(Ljava/lang/String;Z)Ljava/lang/Class;+81
j  java.lang.ClassLoader.loadClass(Ljava/lang/String;)Ljava/lang/Class;+3
v  ~StubRoutines::call_stub
j  java.lang.Class.forName0(Ljava/lang/String;ZLjava/lang/ClassLoader;Ljava/lang/Class;)Ljava/lang/Class;+0
j  java.lang.Class.forName(Ljava/lang/String;)Ljava/lang/Class;+11
j  com.yahoo.ycsb.Client.exportMeasurements(Ljava/util/Properties;IJ)V+47
j  com.yahoo.ycsb.Client.main([Ljava/lang/String;)V+1551
v  ~StubRoutines::call_stub

---------------  P R O C E S S  ---------------

Java Threads: ( => current thread )
  0x00007f23040d4000 JavaThread "Service Thread" daemon [_thread_blocked, id=1677, stack(0x00007f22b61e6000,0x00007f22b62e6000)]
  0x00007f23040c9000 JavaThread "C1 CompilerThread3" daemon [_thread_in_native, id=1676, stack(0x00007f22b62e7000,0x00007f22b63e7000)]
  0x00007f23040c6800 JavaThread "C2 CompilerThread2" daemon [_thread_blocked, id=1675, stack(0x00007f22b63e8000,0x00007f22b64e8000)]
  0x00007f23040c5000 JavaThread "C2 CompilerThread1" daemon [_thread_blocked, id=1674, stack(0x00007f22b64e9000,0x00007f22b65e9000)]
  0x00007f23040c2000 JavaThread "C2 CompilerThread0" daemon [_thread_blocked, id=1673, stack(0x00007f22b65ea000,0x00007f22b66ea000)]
  0x00007f23040bf000 JavaThread "Signal Dispatcher" daemon [_thread_blocked, id=1672, stack(0x00007f22b66ea000,0x00007f22b67ea000)]
  0x00007f230408f800 JavaThread "Finalizer" daemon [_thread_blocked, id=1671, stack(0x00007f22b67ea000,0x00007f22b68ea000)]
  0x00007f230408b000 JavaThread "Reference Handler" daemon [_thread_blocked, id=1670, stack(0x00007f22b68ea000,0x00007f22b69ea000)]
=>0x00007f230400a000 JavaThread "main" [_thread_in_native, id=1660, stack(0x00007f2308f72000,0x00007f2309072000)]

Other Threads:
  0x00007f2304081800 VMThread [stack: 0x00007f22b69eb000,0x00007f22b6aeb000] [id=1669]
  0x00007f23040d6800 WatcherThread [stack: 0x00007f22b60e6000,0x00007f22b61e6000] [id=1678]

VM state:not at safepoint (normal execution)

VM Mutex/Monitor currently owned by a thread: None

heap address: 0x0000000453c00000, size: 14020 MB, Compressed Oops mode: Zero based, Oop shift amount: 3
Narrow klass base: 0x0000000000000000, Narrow klass shift: 3
Compressed class space size: 1073741824 Address: 0x00000007c0000000

Heap:
 PSYoungGen      total 262144K, used 167242K [0x000000069bf00000, 0x00000006bbf00000, 0x00000007c0000000)
  eden space 224768K, 72% used [0x000000069bf00000,0x00000006a5d22530,0x00000006a9a80000)
  from space 37376K, 14% used [0x00000006a9a80000,0x00000006a9fb0350,0x00000006abf00000)
  to   space 37376K, 0% used [0x00000006b9a80000,0x00000006b9a80000,0x00000006bbf00000)
 ParOldGen       total 599552K, used 8K [0x0000000453c00000, 0x0000000478580000, 0x000000069bf00000)
  object space 599552K, 0% used [0x0000000453c00000,0x0000000453c02000,0x0000000478580000)
 Metaspace       used 3978K, capacity 4946K, committed 5120K, reserved 1056768K
  class space    used 428K, capacity 457K, committed 512K, reserved 1048576K

Card table byte_map: [0x00007f22f349d000,0x00007f22f5000000] byte_map_base: 0x00007f22f11ff000

Marking Bits: (ParMarkBitMap*) 0x00007f230a184720
 Begin Bits: [0x00007f22bc9e0000, 0x00007f22ca4f0000)
 End Bits:   [0x00007f22ca4f0000, 0x00007f22d8000000)

Polling page: 0x00007f230a436000

CodeCache: size=245760Kb used=1503Kb max_used=1503Kb free=244256Kb
 bounds [0x00007f22f5000000, 0x00007f22f5270000, 0x00007f2304000000]
 total_blobs=502 nmethods=219 adapters=197
 compilation: enabled

Compilation events (10 events):
Event: 1.090 Thread 0x00007f23040c5000 nmethod 206 0x00007f22f5173f10 code [0x00007f22f51740a0, 0x00007f22f5174428]
Event: 1.090 Thread 0x00007f23040c5000  207       4       java.util.concurrent.atomic.AtomicLongArray::lazySet (17 bytes)
Event: 1.092 Thread 0x00007f23040c5000 nmethod 207 0x00007f22f5172290 code [0x00007f22f5172420, 0x00007f22f51727a8]
Event: 1.107 Thread 0x00007f23040c9000  212       3       java.util.concurrent.ConcurrentHashMap::get (162 bytes)
Event: 1.107 Thread 0x00007f23040c9000 nmethod 212 0x00007f22f5171090 code [0x00007f22f51712a0, 0x00007f22f5171e38]
Event: 1.107 Thread 0x00007f23040c9000  214       3       java.lang.Integer::stringSize (21 bytes)
Event: 1.107 Thread 0x00007f23040c9000 nmethod 214 0x00007f22f5173a90 code [0x00007f22f5173c00, 0x00007f22f5173e10]
Event: 1.107 Thread 0x00007f23040c9000  215       3       java.lang.Integer::getChars (131 bytes)
Event: 1.107 Thread 0x00007f23040c9000 nmethod 215 0x00007f22f5173010 code [0x00007f22f51731c0, 0x00007f22f5173650]
Event: 1.107 Thread 0x00007f23040c9000  213       3       java.lang.AbstractStringBuilder::append (62 bytes)

GC Heap History (2 events):
Event: 0.072 GC heap before
{Heap before GC invocations=1 (full 0):
 PSYoungGen      total 262144K, used 224768K [0x000000069bf00000, 0x00000006ae380000, 0x00000007c0000000)
  eden space 224768K, 100% used [0x000000069bf00000,0x00000006a9a80000,0x00000006a9a80000)
  from space 37376K, 0% used [0x00000006abf00000,0x00000006abf00000,0x00000006ae380000)
  to   space 37376K, 0% used [0x00000006a9a80000,0x00000006a9a80000,0x00000006abf00000)
 ParOldGen       total 599552K, used 0K [0x0000000453c00000, 0x0000000478580000, 0x000000069bf00000)
  object space 599552K, 0% used [0x0000000453c00000,0x0000000453c00000,0x0000000478580000)
 Metaspace       used 3704K, capacity 4722K, committed 4864K, reserved 1056768K
  class space    used 398K, capacity 425K, committed 512K, reserved 1048576K
Event: 0.075 GC heap after
Heap after GC invocations=1 (full 0):
 PSYoungGen      total 262144K, used 5312K [0x000000069bf00000, 0x00000006bbf00000, 0x00000007c0000000)
  eden space 224768K, 0% used [0x000000069bf00000,0x000000069bf00000,0x00000006a9a80000)
  from space 37376K, 14% used [0x00000006a9a80000,0x00000006a9fb0350,0x00000006abf00000)
  to   space 37376K, 0% used [0x00000006b9a80000,0x00000006b9a80000,0x00000006bbf00000)
 ParOldGen       total 599552K, used 8K [0x0000000453c00000, 0x0000000478580000, 0x000000069bf00000)
  object space 599552K, 0% used [0x0000000453c00000,0x0000000453c02000,0x0000000478580000)
 Metaspace       used 3704K, capacity 4722K, committed 4864K, reserved 1056768K
  class space    used 398K, capacity 425K, committed 512K, reserved 1048576K
}

Deoptimization events (0 events):
No events

Classes redefined (0 events):
No events

Internal exceptions (10 events):
Event: 1.069 Thread 0x00007f23041c1000 Exception <a 'java/lang/ArrayIndexOutOfBoundsException': 10> (0x00000006a4081910) thrown at [./src/hotspot/src/share/vm/interpreter/interpreterRuntime.cpp, line 371]
Event: 1.069 Thread 0x00007f23041d5000 Exception <a 'java/lang/ArrayIndexOutOfBoundsException': 10> (0x00000006a3e4da48) thrown at [./src/hotspot/src/share/vm/interpreter/interpreterRuntime.cpp, line 371]
Event: 1.069 Thread 0x00007f23041d3000 Exception <a 'java/lang/ArrayIndexOutOfBoundsException': 10> (0x00000006a4b85550) thrown at [./src/hotspot/src/share/vm/interpreter/interpreterRuntime.cpp, line 371]
Event: 1.069 Thread 0x00007f2304200000 Exception <a 'java/lang/ArrayIndexOutOfBoundsException': 10> (0x00000006a471d6f8) thrown at [./src/hotspot/src/share/vm/interpreter/interpreterRuntime.cpp, line 371]
Event: 1.100 Thread 0x00007f23041ee800 Exception <a 'java/lang/ArrayIndexOutOfBoundsException': 10> (0x00000006a58bd0d0) thrown at [./src/hotspot/src/share/vm/interpreter/interpreterRuntime.cpp, line 371]
Event: 1.100 Thread 0x00007f23041cb800 Exception <a 'java/lang/ArrayIndexOutOfBoundsException': 10> (0x00000006a5689208) thrown at [./src/hotspot/src/share/vm/interpreter/interpreterRuntime.cpp, line 371]
Event: 1.100 Thread 0x00007f23041f4800 Exception <a 'java/lang/ArrayIndexOutOfBoundsException': 10> (0x00000006a4fed4c0) thrown at [./src/hotspot/src/share/vm/interpreter/interpreterRuntime.cpp, line 371]
Event: 1.100 Thread 0x00007f23041cf800 Exception <a 'java/lang/ArrayIndexOutOfBoundsException': 10> (0x00000006a5221388) thrown at [./src/hotspot/src/share/vm/interpreter/interpreterRuntime.cpp, line 371]
Event: 1.100 Thread 0x00007f23041cd800 Exception <a 'java/lang/ArrayIndexOutOfBoundsException': 10> (0x00000006a5af1010) thrown at [./src/hotspot/src/share/vm/interpreter/interpreterRuntime.cpp, line 371]
Event: 1.100 Thread 0x00007f23041e8800 Exception <a 'java/lang/ArrayIndexOutOfBoundsException': 10> (0x00000006a5455250) thrown at [./src/hotspot/src/share/vm/interpreter/interpreterRuntime.cpp, line 371]

Events (10 events):
Event: 1.089 Thread 0x00007f2304204000 Thread exited: 0x00007f2304204000
Event: 1.089 Thread 0x00007f23041c8000 Thread exited: 0x00007f23041c8000
Event: 1.107 Thread 0x00007f23041cf800 Thread exited: 0x00007f23041cf800
Event: 1.107 Thread 0x00007f23041cb800 Thread exited: 0x00007f23041cb800
Event: 1.107 Thread 0x00007f23041f4800 Thread exited: 0x00007f23041f4800
Event: 1.107 Thread 0x00007f23041ee800 Thread exited: 0x00007f23041ee800
Event: 1.107 Thread 0x00007f23041e8800 Thread exited: 0x00007f23041e8800
Event: 1.107 Thread 0x00007f23041cd800 Thread exited: 0x00007f23041cd800
Event: 1.107 loading class com/yahoo/ycsb/measurements/exporter/TextMeasurementsExporter
Event: 1.107 loading class com/yahoo/ycsb/measurements/exporter/TextMeasurementsExporter done


Dynamic libraries:
453c00000-478580000 rw-p 00000000 00:00 0 
478580000-69bf00000 ---p 00000000 00:00 0 
69bf00000-6bbf00000 rw-p 00000000 00:00 0 
6bbf00000-7c0000000 ---p 00000000 00:00 0 
7c0000000-7c0080000 rw-p 00000000 00:00 0 
7c0080000-800000000 ---p 00000000 00:00 0 
560e2ad15000-560e2ad16000 r--p 00000000 00:d4 2365116                    /usr/lib/jvm/java-8-openjdk-amd64/jre/bin/java
560e2ad16000-560e2ad17000 r-xp 00001000 00:d4 2365116                    /usr/lib/jvm/java-8-openjdk-amd64/jre/bin/java
560e2ad17000-560e2ad18000 r--p 00002000 00:d4 2365116                    /usr/lib/jvm/java-8-openjdk-amd64/jre/bin/java
560e2ad18000-560e2ad19000 r--p 00002000 00:d4 2365116                    /usr/lib/jvm/java-8-openjdk-amd64/jre/bin/java
560e2ad19000-560e2ad1a000 rw-p 00003000 00:d4 2365116                    /usr/lib/jvm/java-8-openjdk-amd64/jre/bin/java
560e2ae8f000-560e2aeb0000 rw-p 00000000 00:00 0                          [heap]
7f21d4000000-7f21d4021000 rw-p 00000000 00:00 0 
7f21d4021000-7f21d8000000 ---p 00000000 00:00 0 
7f21d8000000-7f21d8021000 rw-p 00000000 00:00 0 
7f21d8021000-7f21dc000000 ---p 00000000 00:00 0 
7f21dc000000-7f21dc021000 rw-p 00000000 00:00 0 
7f21dc021000-7f21e0000000 ---p 00000000 00:00 0 
7f21e0000000-7f21e0021000 rw-p 00000000 00:00 0 
7f21e0021000-7f21e4000000 ---p 00000000 00:00 0 
7f21e4000000-7f21e4021000 rw-p 00000000 00:00 0 
7f21e4021000-7f21e8000000 ---p 00000000 00:00 0 
7f21e8000000-7f21e8021000 rw-p 00000000 00:00 0 
7f21e8021000-7f21ec000000 ---p 00000000 00:00 0 
7f21ec000000-7f21ec021000 rw-p 00000000 00:00 0 
7f21ec021000-7f21f0000000 ---p 00000000 00:00 0 
7f21f0000000-7f21f0021000 rw-p 00000000 00:00 0 
7f21f0021000-7f21f4000000 ---p 00000000 00:00 0 
7f21f4000000-7f21f4021000 rw-p 00000000 00:00 0 
7f21f4021000-7f21f8000000 ---p 00000000 00:00 0 
7f21f8000000-7f21f8021000 rw-p 00000000 00:00 0 
7f21f8021000-7f21fc000000 ---p 00000000 00:00 0 
7f21fc000000-7f21fc021000 rw-p 00000000 00:00 0 
7f21fc021000-7f2200000000 ---p 00000000 00:00 0 
7f2200000000-7f2200021000 rw-p 00000000 00:00 0 
7f2200021000-7f2204000000 ---p 00000000 00:00 0 
7f2204000000-7f2204021000 rw-p 00000000 00:00 0 
7f2204021000-7f2208000000 ---p 00000000 00:00 0 
7f220a500000-7f220a503000 ---p 00000000 00:00 0 
7f220a503000-7f220a600000 rw-p 00000000 00:00 0 
7f220a600000-7f220a603000 ---p 00000000 00:00 0 
7f220a603000-7f220a700000 rw-p 00000000 00:00 0 
7f220a800000-7f220a803000 ---p 00000000 00:00 0 
7f220a803000-7f220a900000 rw-p 00000000 00:00 0 
7f220a900000-7f220a903000 ---p 00000000 00:00 0 
7f220a903000-7f220aa00000 rw-p 00000000 00:00 0 
7f220ac00000-7f220ac03000 ---p 00000000 00:00 0 
7f220ac03000-7f220ad00000 rw-p 00000000 00:00 0 
7f220ae00000-7f220ae03000 ---p 00000000 00:00 0 
7f220ae03000-7f220af00000 rw-p 00000000 00:00 0 
7f220af00000-7f220af03000 ---p 00000000 00:00 0 
7f220af03000-7f220b000000 rw-p 00000000 00:00 0 
7f220b400000-7f220b403000 ---p 00000000 00:00 0 
7f220b403000-7f220b500000 rw-p 00000000 00:00 0 
7f220b600000-7f220b603000 ---p 00000000 00:00 0 
7f220b603000-7f220b700000 rw-p 00000000 00:00 0 
7f220b700000-7f220b703000 ---p 00000000 00:00 0 
7f220b703000-7f220b800000 rw-p 00000000 00:00 0 
7f220b800000-7f220b803000 ---p 00000000 00:00 0 
7f220b803000-7f220b900000 rw-p 00000000 00:00 0 
7f220ba00000-7f220ba03000 ---p 00000000 00:00 0 
7f220ba03000-7f220bb00000 rw-p 00000000 00:00 0 
7f220bb00000-7f220bb03000 ---p 00000000 00:00 0 
7f220bb03000-7f220bc00000 rw-p 00000000 00:00 0 
7f220bc00000-7f220bc03000 ---p 00000000 00:00 0 
7f220bc03000-7f220bd00000 rw-p 00000000 00:00 0 
7f220bd00000-7f220bd03000 ---p 00000000 00:00 0 
7f220bd03000-7f220be00000 rw-p 00000000 00:00 0 
7f220be00000-7f220be03000 ---p 00000000 00:00 0 
7f220be03000-7f220bf00000 rw-p 00000000 00:00 0 
7f220c000000-7f220c021000 rw-p 00000000 00:00 0 
7f220c021000-7f2210000000 ---p 00000000 00:00 0 
7f2210000000-7f2210021000 rw-p 00000000 00:00 0 
7f2210021000-7f2214000000 ---p 00000000 00:00 0 
7f2214000000-7f2214021000 rw-p 00000000 00:00 0 
7f2214021000-7f2218000000 ---p 00000000 00:00 0 
7f2218000000-7f2218021000 rw-p 00000000 00:00 0 
7f2218021000-7f221c000000 ---p 00000000 00:00 0 
7f221c000000-7f221c021000 rw-p 00000000 00:00 0 
7f221c021000-7f2220000000 ---p 00000000 00:00 0 
7f2220000000-7f2220021000 rw-p 00000000 00:00 0 
7f2220021000-7f2224000000 ---p 00000000 00:00 0 
7f2224000000-7f2224021000 rw-p 00000000 00:00 0 
7f2224021000-7f2228000000 ---p 00000000 00:00 0 
7f2228000000-7f2228021000 rw-p 00000000 00:00 0 
7f2228021000-7f222c000000 ---p 00000000 00:00 0 
7f222c000000-7f222c021000 rw-p 00000000 00:00 0 
7f222c021000-7f2230000000 ---p 00000000 00:00 0 
7f2230000000-7f2230021000 rw-p 00000000 00:00 0 
7f2230021000-7f2234000000 ---p 00000000 00:00 0 
7f2234000000-7f2234021000 rw-p 00000000 00:00 0 
7f2234021000-7f2238000000 ---p 00000000 00:00 0 
7f2238000000-7f2238021000 rw-p 00000000 00:00 0 
7f2238021000-7f223c000000 ---p 00000000 00:00 0 
7f223c000000-7f223c021000 rw-p 00000000 00:00 0 
7f223c021000-7f2240000000 ---p 00000000 00:00 0 
7f2240000000-7f2240021000 rw-p 00000000 00:00 0 
7f2240021000-7f2244000000 ---p 00000000 00:00 0 
7f2244000000-7f2244021000 rw-p 00000000 00:00 0 
7f2244021000-7f2248000000 ---p 00000000 00:00 0 
7f2248000000-7f2248021000 rw-p 00000000 00:00 0 
7f2248021000-7f224c000000 ---p 00000000 00:00 0 
7f224c000000-7f224c021000 rw-p 00000000 00:00 0 
7f224c021000-7f2250000000 ---p 00000000 00:00 0 
7f2250000000-7f2250021000 rw-p 00000000 00:00 0 
7f2250021000-7f2254000000 ---p 00000000 00:00 0 
7f2254000000-7f2254021000 rw-p 00000000 00:00 0 
7f2254021000-7f2258000000 ---p 00000000 00:00 0 
7f2258000000-7f2258021000 rw-p 00000000 00:00 0 
7f2258021000-7f225c000000 ---p 00000000 00:00 0 
7f225c000000-7f225c021000 rw-p 00000000 00:00 0 
7f225c021000-7f2260000000 ---p 00000000 00:00 0 
7f2260000000-7f2260021000 rw-p 00000000 00:00 0 
7f2260021000-7f2264000000 ---p 00000000 00:00 0 
7f2264000000-7f2264021000 rw-p 00000000 00:00 0 
7f2264021000-7f2268000000 ---p 00000000 00:00 0 
7f2268000000-7f2268021000 rw-p 00000000 00:00 0 
7f2268021000-7f226c000000 ---p 00000000 00:00 0 
7f226c000000-7f226c021000 rw-p 00000000 00:00 0 
7f226c021000-7f2270000000 ---p 00000000 00:00 0 
7f2270000000-7f2270021000 rw-p 00000000 00:00 0 
7f2270021000-7f2274000000 ---p 00000000 00:00 0 
7f2274000000-7f2274021000 rw-p 00000000 00:00 0 
7f2274021000-7f2278000000 ---p 00000000 00:00 0 
7f2278000000-7f2278021000 rw-p 00000000 00:00 0 
7f2278021000-7f227c000000 ---p 00000000 00:00 0 
7f227c000000-7f227c021000 rw-p 00000000 00:00 0 
7f227c021000-7f2280000000 ---p 00000000 00:00 0 
7f2280000000-7f2280021000 rw-p 00000000 00:00 0 
7f2280021000-7f2284000000 ---p 00000000 00:00 0 
7f2284000000-7f2284021000 rw-p 00000000 00:00 0 
7f2284021000-7f2288000000 ---p 00000000 00:00 0 
7f2288000000-7f2288021000 rw-p 00000000 00:00 0 
7f2288021000-7f228c000000 ---p 00000000 00:00 0 
7f228c000000-7f228c0cb000 rw-p 00000000 00:00 0 
7f228c0cb000-7f2290000000 ---p 00000000 00:00 0 
7f2290000000-7f2290021000 rw-p 00000000 00:00 0 
7f2290021000-7f2294000000 ---p 00000000 00:00 0 
7f2294000000-7f2294021000 rw-p 00000000 00:00 0 
7f2294021000-7f2298000000 ---p 00000000 00:00 0 
7f2298000000-7f2298021000 rw-p 00000000 00:00 0 
7f2298021000-7f229c000000 ---p 00000000 00:00 0 
7f229c000000-7f229c021000 rw-p 00000000 00:00 0 
7f229c021000-7f22a0000000 ---p 00000000 00:00 0 
7f22a0000000-7f22a0050000 rw-p 00000000 00:00 0 
7f22a0050000-7f22a4000000 ---p 00000000 00:00 0 
7f22a4000000-7f22a4021000 rw-p 00000000 00:00 0 
7f22a4021000-7f22a8000000 ---p 00000000 00:00 0 
7f22a8000000-7f22a8021000 rw-p 00000000 00:00 0 
7f22a8021000-7f22ac000000 ---p 00000000 00:00 0 
7f22ac000000-7f22ac021000 rw-p 00000000 00:00 0 
7f22ac021000-7f22b0000000 ---p 00000000 00:00 0 
7f22b0000000-7f22b0021000 rw-p 00000000 00:00 0 
7f22b0021000-7f22b4000000 ---p 00000000 00:00 0 
7f22b40b4000-7f22b40b7000 ---p 00000000 00:00 0 
7f22b40b7000-7f22b41b4000 rw-p 00000000 00:00 0 
7f22b43b4000-7f22b43b7000 ---p 00000000 00:00 0 
7f22b43b7000-7f22b44b4000 rw-p 00000000 00:00 0 
7f22b44b4000-7f22b44b7000 ---p 00000000 00:00 0 
7f22b44b7000-7f22b45b4000 rw-p 00000000 00:00 0 
7f22b45b4000-7f22b45b7000 ---p 00000000 00:00 0 
7f22b45b7000-7f22b46b4000 rw-p 00000000 00:00 0 
7f22b46b4000-7f22b46b7000 ---p 00000000 00:00 0 
7f22b46b7000-7f22b47b4000 rw-p 00000000 00:00 0 
7f22b48b4000-7f22b48b7000 ---p 00000000 00:00 0 
7f22b48b7000-7f22b49b4000 rw-p 00000000 00:00 0 
7f22b49b4000-7f22b49b7000 ---p 00000000 00:00 0 
7f22b49b7000-7f22b4ab4000 rw-p 00000000 00:00 0 
7f22b4bb4000-7f22b4bb7000 ---p 00000000 00:00 0 
7f22b4bb7000-7f22b4cb4000 rw-p 00000000 00:00 0 
7f22b4cb4000-7f22b4cb7000 ---p 00000000 00:00 0 
7f22b4cb7000-7f22b4db4000 rw-p 00000000 00:00 0 
7f22b4db4000-7f22b4db7000 ---p 00000000 00:00 0 
7f22b4db7000-7f22b4eb4000 rw-p 00000000 00:00 0 
7f22b4eb4000-7f22b4eb7000 ---p 00000000 00:00 0 
7f22b4eb7000-7f22b4fb4000 rw-p 00000000 00:00 0 
7f22b4fb4000-7f22b4fb7000 ---p 00000000 00:00 0 
7f22b4fb7000-7f22b50b4000 rw-p 00000000 00:00 0 
7f22b50b4000-7f22b50b7000 ---p 00000000 00:00 0 
7f22b50b7000-7f22b51b4000 rw-p 00000000 00:00 0 
7f22b51b4000-7f22b51b7000 ---p 00000000 00:00 0 
7f22b51b7000-7f22b52b4000 rw-p 00000000 00:00 0 
7f22b53b4000-7f22b53b7000 ---p 00000000 00:00 0 
7f22b53b7000-7f22b54b4000 rw-p 00000000 00:00 0 
7f22b54b4000-7f22b54b7000 ---p 00000000 00:00 0 
7f22b54b7000-7f22b55b4000 rw-p 00000000 00:00 0 
7f22b55b4000-7f22b55b7000 ---p 00000000 00:00 0 
7f22b55b7000-7f22b56b4000 rw-p 00000000 00:00 0 
7f22b56b4000-7f22b56b7000 ---p 00000000 00:00 0 
7f22b56b7000-7f22b57b4000 rw-p 00000000 00:00 0 
7f22b57b4000-7f22b57b7000 ---p 00000000 00:00 0 
7f22b57b7000-7f22b58b4000 rw-p 00000000 00:00 0 
7f22b58b4000-7f22b58b7000 ---p 00000000 00:00 0 
7f22b58b7000-7f22b59b4000 rw-p 00000000 00:00 0 
7f22b5bb4000-7f22b5bb7000 ---p 00000000 00:00 0 
7f22b5bb7000-7f22b5cb4000 rw-p 00000000 00:00 0 
7f22b5db4000-7f22b5db7000 ---p 00000000 00:00 0 
7f22b5db7000-7f22b5eb4000 rw-p 00000000 00:00 0 
7f22b5eb4000-7f22b5eb7000 ---p 00000000 00:00 0 
7f22b5eb7000-7f22b5fb4000 rw-p 00000000 00:00 0 
7f22b5fb4000-7f22b5fb7000 ---p 00000000 00:00 0 
7f22b5fb7000-7f22b60e5000 rw-p 00000000 00:00 0 
7f22b60e5000-7f22b60e6000 ---p 00000000 00:00 0 
7f22b60e6000-7f22b61e6000 rw-p 00000000 00:00 0 
7f22b61e6000-7f22b61e9000 ---p 00000000 00:00 0 
7f22b61e9000-7f22b62e6000 rw-p 00000000 00:00 0 
7f22b62e6000-7f22b62e7000 ---p 00000000 00:00 0 
7f22b62e7000-7f22b62ea000 ---p 00000000 00:00 0 
7f22b62ea000-7f22b63e7000 rw-p 00000000 00:00 0 
7f22b63e7000-7f22b63e8000 ---p 00000000 00:00 0 
7f22b63e8000-7f22b63eb000 ---p 00000000 00:00 0 
7f22b63eb000-7f22b64e8000 rw-p 00000000 00:00 0 
7f22b64e8000-7f22b64e9000 ---p 00000000 00:00 0 
7f22b64e9000-7f22b64ec000 ---p 00000000 00:00 0 
7f22b64ec000-7f22b65e9000 rw-p 00000000 00:00 0 
7f22b65e9000-7f22b65ea000 ---p 00000000 00:00 0 
7f22b65ea000-7f22b65ed000 ---p 00000000 00:00 0 
7f22b65ed000-7f22b66ea000 rw-p 00000000 00:00 0 
7f22b66ea000-7f22b66ed000 ---p 00000000 00:00 0 
7f22b66ed000-7f22b67ea000 rw-p 00000000 00:00 0 
7f22b67ea000-7f22b67ed000 ---p 00000000 00:00 0 
7f22b67ed000-7f22b68ea000 rw-p 00000000 00:00 0 
7f22b68ea000-7f22b68ed000 ---p 00000000 00:00 0 
7f22b68ed000-7f22b69ea000 rw-p 00000000 00:00 0 
7f22b69ea000-7f22b69eb000 ---p 00000000 00:00 0 
7f22b69eb000-7f22b8000000 rw-p 00000000 00:00 0 
7f22b8000000-7f22b8021000 rw-p 00000000 00:00 0 
7f22b8021000-7f22bc000000 ---p 00000000 00:00 0 
7f22bc02c000-7f22bc031000 r--p 00000000 00:d4 2365159                    /usr/lib/jvm/java-8-openjdk-amd64/jre/lib/amd64/libnet.so
7f22bc031000-7f22bc042000 r-xp 00005000 00:d4 2365159                    /usr/lib/jvm/java-8-openjdk-amd64/jre/lib/amd64/libnet.so
7f22bc042000-7f22bc046000 r--p 00016000 00:d4 2365159                    /usr/lib/jvm/java-8-openjdk-amd64/jre/lib/amd64/libnet.so
7f22bc046000-7f22bc047000 r--p 00019000 00:d4 2365159                    /usr/lib/jvm/java-8-openjdk-amd64/jre/lib/amd64/libnet.so
7f22bc047000-7f22bc048000 rw-p 0001a000 00:d4 2365159                    /usr/lib/jvm/java-8-openjdk-amd64/jre/lib/amd64/libnet.so
7f22bc048000-7f22bc04f000 r--p 00000000 00:d4 2365160                    /usr/lib/jvm/java-8-openjdk-amd64/jre/lib/amd64/libnio.so
7f22bc04f000-7f22bc058000 r-xp 00007000 00:d4 2365160                    /usr/lib/jvm/java-8-openjdk-amd64/jre/lib/amd64/libnio.so
7f22bc058000-7f22bc05b000 r--p 00010000 00:d4 2365160                    /usr/lib/jvm/java-8-openjdk-amd64/jre/lib/amd64/libnio.so
7f22bc05b000-7f22bc05c000 r--p 00012000 00:d4 2365160                    /usr/lib/jvm/java-8-openjdk-amd64/jre/lib/amd64/libnio.so
7f22bc05c000-7f22bc05d000 rw-p 00013000 00:d4 2365160                    /usr/lib/jvm/java-8-openjdk-amd64/jre/lib/amd64/libnio.so
7f22bc05d000-7f22bc071000 r--s 00111000 103:02 5253907                   /home/xcq/imkv/ycsb/core/target/core-0.7.0.jar
7f22bc071000-7f22bc08c000 r--s 00394000 00:d4 2365186                    /usr/lib/jvm/java-8-openjdk-amd64/jre/lib/ext/cldrdata.jar
7f22bc08c000-7f22bc08f000 r--s 0000f000 00:d4 2365188                    /usr/lib/jvm/java-8-openjdk-amd64/jre/lib/ext/icedtea-sound.jar
7f22bc08f000-7f22bc091000 r--s 00001000 00:d4 2365187                    /usr/lib/jvm/java-8-openjdk-amd64/jre/lib/ext/dnsns.jar
7f22bc091000-7f22bc093000 r--s 0000c000 00:d4 2504705                    /usr/share/java/java-atk-wrapper.jar
7f22bc093000-7f22bc0ae000 r--s 001d6000 00:d4 2365193                    /usr/lib/jvm/java-8-openjdk-amd64/jre/lib/ext/nashorn.jar
7f22bc0ae000-7f22bc0b0000 r--s 00010000 00:d4 2365197                    /usr/lib/jvm/java-8-openjdk-amd64/jre/lib/ext/zipfs.jar
7f22bc0b0000-7f22bc0b4000 r--s 00041000 00:d4 2365196                    /usr/lib/jvm/java-8-openjdk-amd64/jre/lib/ext/sunpkcs11.jar
7f22bc0b4000-7f22bc0be000 r--s 00117000 00:d4 2365192                    /usr/lib/jvm/java-8-openjdk-amd64/jre/lib/ext/localedata.jar
7f22bc0be000-7f22bc660000 rw-p 00000000 00:00 0 
7f22bc660000-7f22bc9e0000 ---p 00000000 00:00 0 
7f22bc9e0000-7f22d8000000 rw-p 00000000 00:00 0 
7f22d8000000-7f22d8021000 rw-p 00000000 00:00 0 
7f22d8021000-7f22dc000000 ---p 00000000 00:00 0 
7f22dc000000-7f22dc021000 rw-p 00000000 00:00 0 
7f22dc021000-7f22e0000000 ---p 00000000 00:00 0 
7f22e0000000-7f22e0021000 rw-p 00000000 00:00 0 
7f22e0021000-7f22e4000000 ---p 00000000 00:00 0 
7f22e4000000-7f22e4021000 rw-p 00000000 00:00 0 
7f22e4021000-7f22e8000000 ---p 00000000 00:00 0 
7f22e8000000-7f22e8021000 rw-p 00000000 00:00 0 
7f22e8021000-7f22ec000000 ---p 00000000 00:00 0 
7f22ec000000-7f22ec021000 rw-p 00000000 00:00 0 
7f22ec021000-7f22f0000000 ---p 00000000 00:00 0 
7f22f0001000-7f22f0527000 rw-p 00000000 00:00 0 
7f22f0527000-7f22f06f9000 r--s 03cbc000 00:d4 2365231                    /usr/lib/jvm/java-8-openjdk-amd64/jre/lib/rt.jar
7f22f06f9000-7f22f2380000 rw-p 00000000 00:00 0 
7f22f2380000-7f22f349d000 ---p 00000000 00:00 0 
7f22f349d000-7f22f35c2000 rw-p 00000000 00:00 0 
7f22f35c2000-7f22f46de000 ---p 00000000 00:00 0 
7f22f46de000-7f22f47df000 rw-p 00000000 00:00 0 
7f22f47df000-7f22f4fff000 ---p 00000000 00:00 0 
7f22f4fff000-7f22f5000000 rw-p 00000000 00:00 0 
7f22f5000000-7f22f5270000 rwxp 00000000 00:00 0 
7f22f5270000-7f2304000000 ---p 00000000 00:00 0 
7f2304000000-7f2304256000 rw-p 00000000 00:00 0 
7f2304256000-7f2308000000 ---p 00000000 00:00 0 
7f2308001000-7f2308007000 r--s 0003e000 00:d4 2365195                    /usr/lib/jvm/java-8-openjdk-amd64/jre/lib/ext/sunjce_provider.jar
7f2308007000-7f230800e000 r--s 000d3000 00:d4 2365216                    /usr/lib/jvm/java-8-openjdk-amd64/jre/lib/jfr.jar
7f230800e000-7f230834e000 rw-p 00000000 00:00 0 
7f230834e000-7f230834f000 ---p 00000000 00:00 0 
7f230834f000-7f230844f000 rw-p 00000000 00:00 0 
7f230844f000-7f2308450000 ---p 00000000 00:00 0 
7f2308450000-7f2308550000 rw-p 00000000 00:00 0 
7f2308550000-7f2308551000 ---p 00000000 00:00 0 
7f2308551000-7f2308651000 rw-p 00000000 00:00 0 
7f2308651000-7f2308652000 ---p 00000000 00:00 0 
7f2308652000-7f2308752000 rw-p 00000000 00:00 0 
7f2308752000-7f2308753000 ---p 00000000 00:00 0 
7f2308753000-7f2308853000 rw-p 00000000 00:00 0 
7f2308853000-7f2308854000 ---p 00000000 00:00 0 
7f2308854000-7f2308954000 rw-p 00000000 00:00 0 
7f2308954000-7f2308955000 ---p 00000000 00:00 0 
7f2308955000-7f2308a55000 rw-p 00000000 00:00 0 
7f2308a55000-7f2308a56000 ---p 00000000 00:00 0 
7f2308a56000-7f2308b60000 rw-p 00000000 00:00 0 
7f2308b60000-7f2308f16000 ---p 00000000 00:00 0 
7f2308f16000-7f2308f19000 r--p 00000000 00:d4 2365168                    /usr/lib/jvm/java-8-openjdk-amd64/jre/lib/amd64/libzip.so
7f2308f19000-7f2308f1e000 r-xp 00003000 00:d4 2365168                    /usr/lib/jvm/java-8-openjdk-amd64/jre/lib/amd64/libzip.so
7f2308f1e000-7f2308f20000 r--p 00008000 00:d4 2365168                    /usr/lib/jvm/java-8-openjdk-amd64/jre/lib/amd64/libzip.so
7f2308f20000-7f2308f21000 r--p 00009000 00:d4 2365168                    /usr/lib/jvm/java-8-openjdk-amd64/jre/lib/amd64/libzip.so
7f2308f21000-7f2308f22000 rw-p 0000a000 00:d4 2365168                    /usr/lib/jvm/java-8-openjdk-amd64/jre/lib/amd64/libzip.so
7f2308f22000-7f2308f2a000 rw-s 00000000 00:d4 2512781                    /tmp/hsperfdata_xcq/1659
7f2308f2a000-7f2308f37000 r--p 00000000 00:d4 2365147                    /usr/lib/jvm/java-8-openjdk-amd64/jre/lib/amd64/libjava.so
7f2308f37000-7f2308f4f000 r-xp 0000d000 00:d4 2365147                    /usr/lib/jvm/java-8-openjdk-amd64/jre/lib/amd64/libjava.so
7f2308f4f000-7f2308f56000 r--p 00025000 00:d4 2365147                    /usr/lib/jvm/java-8-openjdk-amd64/jre/lib/amd64/libjava.so
7f2308f56000-7f2308f57000 r--p 0002b000 00:d4 2365147                    /usr/lib/jvm/java-8-openjdk-amd64/jre/lib/amd64/libjava.so
7f2308f57000-7f2308f59000 rw-p 0002c000 00:d4 2365147                    /usr/lib/jvm/java-8-openjdk-amd64/jre/lib/amd64/libjava.so
7f2308f59000-7f2308f5e000 r--p 00000000 00:d4 2365167                    /usr/lib/jvm/java-8-openjdk-amd64/jre/lib/amd64/libverify.so
7f2308f5e000-7f2308f67000 r-xp 00005000 00:d4 2365167                    /usr/lib/jvm/java-8-openjdk-amd64/jre/lib/amd64/libverify.so
7f2308f67000-7f2308f69000 r--p 0000e000 00:d4 2365167                    /usr/lib/jvm/java-8-openjdk-amd64/jre/lib/amd64/libverify.so
7f2308f69000-7f2308f6b000 r--p 0000f000 00:d4 2365167                    /usr/lib/jvm/java-8-openjdk-amd64/jre/lib/amd64/libverify.so
7f2308f6b000-7f2308f6c000 rw-p 00011000 00:d4 2365167                    /usr/lib/jvm/java-8-openjdk-amd64/jre/lib/amd64/libverify.so
7f2308f6c000-7f2308f6d000 r--p 00000000 00:d4 1976210                    /usr/lib/x86_64-linux-gnu/librt.so.1
7f2308f6d000-7f2308f6e000 r-xp 00001000 00:d4 1976210                    /usr/lib/x86_64-linux-gnu/librt.so.1
7f2308f6e000-7f2308f6f000 r--p 00002000 00:d4 1976210                    /usr/lib/x86_64-linux-gnu/librt.so.1
7f2308f6f000-7f2308f70000 r--p 00002000 00:d4 1976210                    /usr/lib/x86_64-linux-gnu/librt.so.1
7f2308f70000-7f2308f71000 rw-p 00003000 00:d4 1976210                    /usr/lib/x86_64-linux-gnu/librt.so.1
7f2308f71000-7f2308f72000 ---p 00000000 00:00 0 
7f2308f72000-7f2308f75000 ---p 00000000 00:00 0 
7f2308f75000-7f2309072000 rw-p 00000000 00:00 0 
7f2309072000-7f2309075000 r--p 00000000 00:d4 1976138                    /usr/lib/x86_64-linux-gnu/libgcc_s.so.1
7f2309075000-7f230908c000 r-xp 00003000 00:d4 1976138                    /usr/lib/x86_64-linux-gnu/libgcc_s.so.1
7f230908c000-7f2309090000 r--p 0001a000 00:d4 1976138                    /usr/lib/x86_64-linux-gnu/libgcc_s.so.1
7f2309090000-7f2309091000 r--p 0001d000 00:d4 1976138                    /usr/lib/x86_64-linux-gnu/libgcc_s.so.1
7f2309091000-7f2309092000 rw-p 0001e000 00:d4 1976138                    /usr/lib/x86_64-linux-gnu/libgcc_s.so.1
7f2309092000-7f23090a0000 r--p 00000000 00:d4 1976165                    /usr/lib/x86_64-linux-gnu/libm.so.6
7f23090a0000-7f230911c000 r-xp 0000e000 00:d4 1976165                    /usr/lib/x86_64-linux-gnu/libm.so.6
7f230911c000-7f2309177000 r--p 0008a000 00:d4 1976165                    /usr/lib/x86_64-linux-gnu/libm.so.6
7f2309177000-7f2309178000 r--p 000e4000 00:d4 1976165                    /usr/lib/x86_64-linux-gnu/libm.so.6
7f2309178000-7f2309179000 rw-p 000e5000 00:d4 1976165                    /usr/lib/x86_64-linux-gnu/libm.so.6
7f2309179000-7f2309213000 r--p 00000000 00:d4 1976222                    /usr/lib/x86_64-linux-gnu/libstdc++.so.6.0.30
7f2309213000-7f2309323000 r-xp 0009a000 00:d4 1976222                    /usr/lib/x86_64-linux-gnu/libstdc++.so.6.0.30
7f2309323000-7f2309392000 r--p 001aa000 00:d4 1976222                    /usr/lib/x86_64-linux-gnu/libstdc++.so.6.0.30
7f2309392000-7f230939d000 r--p 00218000 00:d4 1976222                    /usr/lib/x86_64-linux-gnu/libstdc++.so.6.0.30
7f230939d000-7f23093a0000 rw-p 00223000 00:d4 1976222                    /usr/lib/x86_64-linux-gnu/libstdc++.so.6.0.30
7f23093a0000-7f23093a3000 rw-p 00000000 00:00 0 
7f23093a3000-7f2309598000 r--p 00000000 00:d4 2365173                    /usr/lib/jvm/java-8-openjdk-amd64/jre/lib/amd64/server/libjvm.so
7f2309598000-7f2309f04000 r-xp 001f5000 00:d4 2365173                    /usr/lib/jvm/java-8-openjdk-amd64/jre/lib/amd64/server/libjvm.so
7f2309f04000-7f230a0af000 r--p 00b61000 00:d4 2365173                    /usr/lib/jvm/java-8-openjdk-amd64/jre/lib/amd64/server/libjvm.so
7f230a0af000-7f230a145000 r--p 00d0b000 00:d4 2365173                    /usr/lib/jvm/java-8-openjdk-amd64/jre/lib/amd64/server/libjvm.so
7f230a145000-7f230a16e000 rw-p 00da1000 00:d4 2365173                    /usr/lib/jvm/java-8-openjdk-amd64/jre/lib/amd64/server/libjvm.so
7f230a16e000-7f230a1a3000 rw-p 00000000 00:00 0 
7f230a1a3000-7f230a1a5000 r--p 00000000 00:d4 1976244                    /usr/lib/x86_64-linux-gnu/libz.so.1.2.11
7f230a1a5000-7f230a1b6000 r-xp 00002000 00:d4 1976244                    /usr/lib/x86_64-linux-gnu/libz.so.1.2.11
7f230a1b6000-7f230a1bc000 r--p 00013000 00:d4 1976244                    /usr/lib/x86_64-linux-gnu/libz.so.1.2.11
7f230a1bc000-7f230a1bd000 ---p 00019000 00:d4 1976244                    /usr/lib/x86_64-linux-gnu/libz.so.1.2.11
7f230a1bd000-7f230a1be000 r--p 00019000 00:d4 1976244                    /usr/lib/x86_64-linux-gnu/libz.so.1.2.11
7f230a1be000-7f230a1bf000 rw-p 0001a000 00:d4 1976244                    /usr/lib/x86_64-linux-gnu/libz.so.1.2.11
7f230a1bf000-7f230a1e7000 r--p 00000000 00:d4 1976113                    /usr/lib/x86_64-linux-gnu/libc.so.6
7f230a1e7000-7f230a37c000 r-xp 00028000 00:d4 1976113                    /usr/lib/x86_64-linux-gnu/libc.so.6
7f230a37c000-7f230a3d4000 r--p 001bd000 00:d4 1976113                    /usr/lib/x86_64-linux-gnu/libc.so.6
7f230a3d4000-7f230a3d8000 r--p 00214000 00:d4 1976113                    /usr/lib/x86_64-linux-gnu/libc.so.6
7f230a3d8000-7f230a3da000 rw-p 00218000 00:d4 1976113                    /usr/lib/x86_64-linux-gnu/libc.so.6
7f230a3da000-7f230a3e7000 rw-p 00000000 00:00 0 
7f230a3e7000-7f230a3e8000 r--s 00004000 103:02 5253954                   /home/xcq/imkv/ycsb/memec/target/memec-binding-0.7.0.jar
7f230a3e8000-7f230a3ea000 r--s 00008000 00:d4 2365194                    /usr/lib/jvm/java-8-openjdk-amd64/jre/lib/ext/sunec.jar
7f230a3ea000-7f230a3eb000 r--s 0000a000 00:d4 2365189                    /usr/lib/jvm/java-8-openjdk-amd64/jre/lib/ext/jaccess.jar
7f230a3eb000-7f230a3ec000 rw-p 00000000 00:00 0 
7f230a3ec000-7f230a3ef000 r--p 00000000 00:d4 2365131                    /usr/lib/jvm/java-8-openjdk-amd64/jre/lib/amd64/jli/libjli.so
7f230a3ef000-7f230a3f8000 r-xp 00003000 00:d4 2365131                    /usr/lib/jvm/java-8-openjdk-amd64/jre/lib/amd64/jli/libjli.so
7f230a3f8000-7f230a3fb000 r--p 0000c000 00:d4 2365131                    /usr/lib/jvm/java-8-openjdk-amd64/jre/lib/amd64/jli/libjli.so
7f230a3fb000-7f230a3fc000 r--p 0000e000 00:d4 2365131                    /usr/lib/jvm/java-8-openjdk-amd64/jre/lib/amd64/jli/libjli.so
7f230a3fc000-7f230a3fd000 rw-p 0000f000 00:d4 2365131                    /usr/lib/jvm/java-8-openjdk-amd64/jre/lib/amd64/jli/libjli.so
7f230a3fd000-7f230a3ff000 rw-p 00000000 00:00 0 
7f230a3ff000-7f230a401000 r--p 00000000 00:d4 1976095                    /usr/lib/x86_64-linux-gnu/ld-linux-x86-64.so.2
7f230a401000-7f230a42b000 r-xp 00002000 00:d4 1976095                    /usr/lib/x86_64-linux-gnu/ld-linux-x86-64.so.2
7f230a42b000-7f230a436000 r--p 0002c000 00:d4 1976095                    /usr/lib/x86_64-linux-gnu/ld-linux-x86-64.so.2
7f230a436000-7f230a437000 r--p 00000000 00:00 0 
7f230a437000-7f230a439000 r--p 00037000 00:d4 1976095                    /usr/lib/x86_64-linux-gnu/ld-linux-x86-64.so.2
7f230a439000-7f230a43b000 rw-p 00039000 00:d4 1976095                    /usr/lib/x86_64-linux-gnu/ld-linux-x86-64.so.2
7fff7c956000-7fff7c977000 rw-p 00000000 00:00 0                          [stack]
7fff7c9af000-7fff7c9b3000 r--p 00000000 00:00 0                          [vvar]
7fff7c9b3000-7fff7c9b5000 r-xp 00000000 00:00 0                          [vdso]
ffffffffff600000-ffffffffff601000 --xp 00000000 00:00 0                  [vsyscall]

VM Arguments:
java_command: com.yahoo.ycsb.Client -db com.yahoo.ycsb.db.MemECApplication -P /home/xcq/imkv/ycsb/workloads/workloada -p fieldcount=1 -p readallfields=false -p scanproportion=0 -p table=u -p requestdistribution=zipfian -p fieldlength=10 -p recordcount=500 -p insertstart=250 -p insertcount=250 -p threadcount=64 -p memec.host=172.19.0.21 -p memec.port=9112 -p memec.key_size=255 -p memec.chunk_size=4096 -load
java_class_path (initial): /home/xcq/imkv/ycsb/memec/conf:/home/xcq/imkv/ycsb/memec/target/memec-binding-0.7.0.jar:/home/xcq/imkv/ycsb/core/target/core-0.7.0.jar:/home/xcq/.m2/repository/org/hdrhistogram/HdrHistogram/2.1.4/HdrHistogram-2.1.4.jar:/home/xcq/.m2/repository/org/codehaus/jackson/jackson-mapper-asl/1.9.4/jackson-mapper-asl-1.9.4.jar:/home/xcq/.m2/repository/org/codehaus/jackson/jackson-core-asl/1.9.4/jackson-core-asl-1.9.4.jar
Launcher Type: SUN_STANDARD

Environment Variables:
PATH=/usr/local/sbin:/usr/local/bin:/usr/sbin:/usr/bin:/sbin:/bin
SHELL=/bin/sh

Signal Handlers:
SIGSEGV: [libjvm.so+0xb3a3c0], sa_mask[0]=11111111011111111101111111111110, sa_flags=SA_RESTART|SA_SIGINFO
SIGBUS: [libjvm.so+0xb3a3c0], sa_mask[0]=11111111011111111101111111111110, sa_flags=SA_RESTART|SA_SIGINFO
SIGFPE: [libjvm.so+0x97a670], sa_mask[0]=11111111011111111101111111111110, sa_flags=SA_RESTART|SA_SIGINFO
SIGPIPE: [libjvm.so+0x97a670], sa_mask[0]=11111111011111111101111111111110, sa_flags=SA_RESTART|SA_SIGINFO
SIGXFSZ: [libjvm.so+0x97a670], sa_mask[0]=11111111011111111101111111111110, sa_flags=SA_RESTART|SA_SIGINFO
SIGILL: [libjvm.so+0x97a670], sa_mask[0]=11111111011111111101111111111110, sa_flags=SA_RESTART|SA_SIGINFO
SIGUSR1: SIG_DFL, sa_mask[0]=00000000000000000000000000000000, sa_flags=none
SIGUSR2: [libjvm.so+0x97a9a0], sa_mask[0]=00000000000000000000000000000000, sa_flags=SA_RESTART|SA_SIGINFO
SIGHUP: [libjvm.so+0x97a8f0], sa_mask[0]=11111111011111111101111111111110, sa_flags=SA_RESTART|SA_SIGINFO
SIGINT: [libjvm.so+0x97a8f0], sa_mask[0]=11111111011111111101111111111110, sa_flags=SA_RESTART|SA_SIGINFO
SIGTERM: [libjvm.so+0x97a8f0], sa_mask[0]=11111111011111111101111111111110, sa_flags=SA_RESTART|SA_SIGINFO
SIGQUIT: [libjvm.so+0x97a8f0], sa_mask[0]=11111111011111111101111111111110, sa_flags=SA_RESTART|SA_SIGINFO


---------------  S Y S T E M  ---------------

OS:DISTRIB_ID=Ubuntu
DISTRIB_RELEASE=22.04
DISTRIB_CODENAME=jammy
DISTRIB_DESCRIPTION="Ubuntu 22.04.1 LTS"

uname:Linux 5.19.0-35-generic #36~22.04.1-Ubuntu SMP PREEMPT_DYNAMIC Fri Feb 17 15:17:25 UTC 2 x86_64
libc:glibc 2.35 NPTL 2.35 
rlimit: STACK 8192k, CORE infinity, NPROC infinity, NOFILE 1048576, AS infinity
load average:1.64 1.20 0.93

/proc/meminfo:
MemTotal:       57422876 kB
MemFree:        37867788 kB
MemAvailable:   49580636 kB
Buffers:           58516 kB
Cached:         11209072 kB
SwapCached:            0 kB
Active:          2193988 kB
Inactive:       15131048 kB
Active(anon):      10972 kB
Inactive(anon):  6221064 kB
Active(file):    2183016 kB
Inactive(file):  8909984 kB
Unevictable:         188 kB
Mlocked:              64 kB
SwapTotal:       2097148 kB
SwapFree:        2097148 kB
Zswap:                 0 kB
Zswapped:              0 kB
Dirty:             10316 kB
Writeback:             0 kB
AnonPages:       6057552 kB
Mapped:          1526580 kB
Shmem:            195168 kB
KReclaimable:    1284056 kB
Slab:            1647108 kB
SReclaimable:    1284056 kB
SUnreclaim:       363052 kB
KernelStack:       39420 kB
PageTables:        84016 kB
NFS_Unstable:          0 kB
Bounce:                0 kB
WritebackTmp:          0 kB
CommitLimit:    30808584 kB
Committed_AS:   77890916 kB
VmallocTotal:   34359738367 kB
VmallocUsed:      137368 kB
VmallocChunk:          0 kB
Percpu:            12288 kB
HardwareCorrupted:     0 kB
AnonHugePages:         0 kB
ShmemHugePages:        0 kB
ShmemPmdMapped:        0 kB
FileHugePages:         0 kB
FilePmdMapped:         0 kB
HugePages_Total:       0
HugePages_Free:        0
HugePages_Rsvd:        0
HugePages_Surp:        0
Hugepagesize:       2048 kB
Hugetlb:               0 kB
DirectMap4k:      757776 kB
DirectMap2M:    22136832 kB
DirectMap1G:    35651584 kB


CPU:total 8 (initial active 8) (8 cores per cpu, 1 threads per core) family 6 model 158 stepping 13, cmov, cx8, fxsr, mmx, sse, sse2, sse3, ssse3, sse4.1, sse4.2, popcnt, avx, avx2, aes, clmul, erms, rtm, 3dnowpref, lzcnt, tsc, tscinvbit, bmi1, bmi2, adx

/proc/cpuinfo:
processor	: 0
vendor_id	: GenuineIntel
cpu family	: 6
model		: 158
model name	: Intel(R) Core(TM) i7-9700 CPU @ 3.00GHz
stepping	: 13
microcode	: 0xf4
cpu MHz		: 4336.190
cache size	: 12288 KB
physical id	: 0
siblings	: 8
core id		: 0
cpu cores	: 8
apicid		: 0
initial apicid	: 0
fpu		: yes
fpu_exception	: yes
cpuid level	: 22
wp		: yes
flags		: fpu vme de pse tsc msr pae mce cx8 apic sep mtrr pge mca cmov pat pse36 clflush dts acpi mmx fxsr sse sse2 ss ht tm pbe syscall nx pdpe1gb rdtscp lm constant_tsc art arch_perfmon pebs bts rep_good nopl xtopology nonstop_tsc cpuid aperfmperf pni pclmulqdq dtes64 monitor ds_cpl vmx smx est tm2 ssse3 sdbg fma cx16 xtpr pdcm pcid sse4_1 sse4_2 x2apic movbe popcnt tsc_deadline_timer aes xsave avx f16c rdrand lahf_lm abm 3dnowprefetch cpuid_fault epb invpcid_single ssbd ibrs ibpb stibp ibrs_enhanced tpr_shadow vnmi flexpriority ept vpid ept_ad fsgsbase tsc_adjust bmi1 avx2 smep bmi2 erms invpcid mpx rdseed adx smap clflushopt intel_pt xsaveopt xsavec xgetbv1 xsaves dtherm ida arat pln pts hwp hwp_notify hwp_act_window hwp_epp md_clear flush_l1d arch_capabilities
vmx flags	: vnmi preemption_timer invvpid ept_x_only ept_ad ept_1gb flexpriority tsc_offset vtpr mtf vapic ept vpid unrestricted_guest ple shadow_vmcs pml ept_mode_based_exec
bugs		: spectre_v1 spectre_v2 spec_store_bypass swapgs taa itlb_multihit srbds mmio_stale_data retbleed eibrs_pbrsb
bogomips	: 6000.00
clflush size	: 64
cache_alignment	: 64
address sizes	: 39 bits physical, 48 bits virtual
power management:

processor	: 1
vendor_id	: GenuineIntel
cpu family	: 6
model		: 158
model name	: Intel(R) Core(TM) i7-9700 CPU @ 3.00GHz
stepping	: 13
microcode	: 0xf4
cpu MHz		: 4340.633
cache size	: 12288 KB
physical id	: 0
siblings	: 8
core id		: 1
cpu cores	: 8
apicid		: 2
initial apicid	: 2
fpu		: yes
fpu_exception	: yes
cpuid level	: 22
wp		: yes
flags		: fpu vme de pse tsc msr pae mce cx8 apic sep mtrr pge mca cmov pat pse36 clflush dts acpi mmx fxsr sse sse2 ss ht tm pbe syscall nx pdpe1gb rdtscp lm constant_tsc art arch_perfmon pebs bts rep_good nopl xtopology nonstop_tsc cpuid aperfmperf pni pclmulqdq dtes64 monitor ds_cpl vmx smx est tm2 ssse3 sdbg fma cx16 xtpr pdcm pcid sse4_1 sse4_2 x2apic movbe popcnt tsc_deadline_timer aes xsave avx f16c rdrand lahf_lm abm 3dnowprefetch cpuid_fault epb invpcid_single ssbd ibrs ibpb stibp ibrs_enhanced tpr_shadow vnmi flexpriority ept vpid ept_ad fsgsbase tsc_adjust bmi1 avx2 smep bmi2 erms invpcid mpx rdseed adx smap clflushopt intel_pt xsaveopt xsavec xgetbv1 xsaves dtherm ida arat pln pts hwp hwp_notify hwp_act_window hwp_epp md_clear flush_l1d arch_capabilities
vmx flags	: vnmi preemption_timer invvpid ept_x_only ept_ad ept_1gb flexpriority tsc_offset vtpr mtf vapic ept vpid unrestricted_guest ple shadow_vmcs pml ept_mode_based_exec
bugs		: spectre_v1 spectre_v2 spec_store_bypass swapgs taa itlb_multihit srbds mmio_stale_data retbleed eibrs_pbrsb
bogomips	: 6000.00
clflush size	: 64
cache_alignment	: 64
address sizes	: 39 bits physical, 48 bits virtual
power management:

processor	: 2
vendor_id	: GenuineIntel
cpu family	: 6
model		: 158
model name	: Intel(R) Core(TM) i7-9700 CPU @ 3.00GHz
stepping	: 13
microcode	: 0xf4
cpu MHz		: 4336.949
cache size	: 12288 KB
physical id	: 0
siblings	: 8
core id		: 2
cpu cores	: 8
apicid		: 4
initial apicid	: 4
fpu		: yes
fpu_exception	: yes
cpuid level	: 22
wp		: yes
flags		: fpu vme de pse tsc msr pae mce cx8 apic sep mtrr pge mca cmov pat pse36 clflush dts acpi mmx fxsr sse sse2 ss ht tm pbe syscall nx pdpe1gb rdtscp lm constant_tsc art arch_perfmon pebs bts rep_good nopl xtopology nonstop_tsc cpuid aperfmperf pni pclmulqdq dtes64 monitor ds_cpl vmx smx est tm2 ssse3 sdbg fma cx16 xtpr pdcm pcid sse4_1 sse4_2 x2apic movbe popcnt tsc_deadline_timer aes xsave avx f16c rdrand lahf_lm abm 3dnowprefetch cpuid_fault epb invpcid_single ssbd ibrs ibpb stibp ibrs_enhanced tpr_shadow vnmi flexpriority ept vpid ept_ad fsgsbase tsc_adjust bmi1 avx2 smep bmi2 erms invpcid mpx rdseed adx smap clflushopt intel_pt xsaveopt xsavec xgetbv1 xsaves dtherm ida arat pln pts hwp hwp_notify hwp_act_window hwp_epp md_clear flush_l1d arch_capabilities
vmx flags	: vnmi preemption_timer invvpid ept_x_only ept_ad ept_1gb flexpriority tsc_offset vtpr mtf vapic ept vpid unrestricted_guest ple shadow_vmcs pml ept_mode_based_exec
bugs		: spectre_v1 spectre_v2 spec_store_bypass swapgs taa itlb_multihit srbds mmio_stale_data retbleed eibrs_pbrsb
bogomips	: 6000.00
clflush size	: 64
cache_alignment	: 64
address sizes	: 39 bits physical, 48 bits virtual
power management:

processor	: 3
vendor_id	: GenuineIntel
cpu family	: 6
model		: 158
model name	: Intel(R) Core(TM) i7-9700 CPU @ 3.00GHz
stepping	: 13
microcode	: 0xf4
cpu MHz		: 4340.614
cache size	: 12288 KB
physical id	: 0
siblings	: 8
core id		: 3
cpu cores	: 8
apicid		: 6
initial apicid	: 6
fpu		: yes
fpu_exception	: yes
cpuid level	: 22
wp		: yes
flags		: fpu vme de pse tsc msr pae mce cx8 apic sep mtrr pge mca cmov pat pse36 clflush dts acpi mmx fxsr sse sse2 ss ht tm pbe syscall nx pdpe1gb rdtscp lm constant_tsc art arch_perfmon pebs bts rep_good nopl xtopology nonstop_tsc cpuid aperfmperf pni pclmulqdq dtes64 monitor ds_cpl vmx smx est tm2 ssse3 sdbg fma cx16 xtpr pdcm pcid sse4_1 sse4_2 x2apic movbe popcnt tsc_deadline_timer aes xsave avx f16c rdrand lahf_lm abm 3dnowprefetch cpuid_fault epb invpcid_single ssbd ibrs ibpb stibp ibrs_enhanced tpr_shadow vnmi flexpriority ept vpid ept_ad fsgsbase tsc_adjust bmi1 avx2 smep bmi2 erms invpcid mpx rdseed adx smap clflushopt intel_pt xsaveopt xsavec xgetbv1 xsaves dtherm ida arat pln pts hwp hwp_notify hwp_act_window hwp_epp md_clear flush_l1d arch_capabilities
vmx flags	: vnmi preemption_timer invvpid ept_x_only ept_ad ept_1gb flexpriority tsc_offset vtpr mtf vapic ept vpid unrestricted_guest ple shadow_vmcs pml ept_mode_based_exec
bugs		: spectre_v1 spectre_v2 spec_store_bypass swapgs taa itlb_multihit srbds mmio_stale_data retbleed eibrs_pbrsb
bogomips	: 6000.00
clflush size	: 64
cache_alignment	: 64
address sizes	: 39 bits physical, 48 bits virtual
power management:

processor	: 4
vendor_id	: GenuineIntel
cpu family	: 6
model		: 158
model name	: Intel(R) Core(TM) i7-9700 CPU @ 3.00GHz
stepping	: 13
microcode	: 0xf4
cpu MHz		: 4340.612
cache size	: 12288 KB
physical id	: 0
siblings	: 8
core id		: 4
cpu cores	: 8
apicid		: 8
initial apicid	: 8
fpu		: yes
fpu_exception	: yes
cpuid level	: 22
wp		: yes
flags		: fpu vme de pse tsc msr pae mce cx8 apic sep mtrr pge mca cmov pat pse36 clflush dts acpi mmx fxsr sse sse2 ss ht tm pbe syscall nx pdpe1gb rdtscp lm constant_tsc art arch_perfmon pebs bts rep_good nopl xtopology nonstop_tsc cpuid aperfmperf pni pclmulqdq dtes64 monitor ds_cpl vmx smx est tm2 ssse3 sdbg fma cx16 xtpr pdcm pcid sse4_1 sse4_2 x2apic movbe popcnt tsc_deadline_timer aes xsave avx f16c rdrand lahf_lm abm 3dnowprefetch cpuid_fault epb invpcid_single ssbd ibrs ibpb stibp ibrs_enhanced tpr_shadow vnmi flexpriority ept vpid ept_ad fsgsbase tsc_adjust bmi1 avx2 smep bmi2 erms invpcid mpx rdseed adx smap clflushopt intel_pt xsaveopt xsavec xgetbv1 xsaves dtherm ida arat pln pts hwp hwp_notify hwp_act_window hwp_epp md_clear flush_l1d arch_capabilities
vmx flags	: vnmi preemption_timer invvpid ept_x_only ept_ad ept_1gb flexpriority tsc_offset vtpr mtf vapic ept vpid unrestricted_guest ple shadow_vmcs pml ept_mode_based_exec
bugs		: spectre_v1 spectre_v2 spec_store_bypass swapgs taa itlb_multihit srbds mmio_stale_data retbleed eibrs_pbrsb
bogomips	: 6000.00
clflush size	: 64
cache_alignment	: 64
address sizes	: 39 bits physical, 48 bits virtual
power management:

processor	: 5
vendor_id	: GenuineIntel
cpu family	: 6
model		: 158
model name	: Intel(R) Core(TM) i7-9700 CPU @ 3.00GHz
stepping	: 13
microcode	: 0xf4
cpu MHz		: 4301.793
cache size	: 12288 KB
physical id	: 0
siblings	: 8
core id		: 5
cpu cores	: 8
apicid		: 10
initial apicid	: 10
fpu		: yes
fpu_exception	: yes
cpuid level	: 22
wp		: yes
flags		: fpu vme de pse tsc msr pae mce cx8 apic sep mtrr pge mca cmov pat pse36 clflush dts acpi mmx fxsr sse sse2 ss ht tm pbe syscall nx pdpe1gb rdtscp lm constant_tsc art arch_perfmon pebs bts rep_good nopl xtopology nonstop_tsc cpuid aperfmperf pni pclmulqdq dtes64 monitor ds_cpl vmx smx est tm2 ssse3 sdbg fma cx16 xtpr pdcm pcid sse4_1 sse4_2 x2apic movbe popcnt tsc_deadline_timer aes xsave avx f16c rdrand lahf_lm abm 3dnowprefetch cpuid_fault epb invpcid_single ssbd ibrs ibpb stibp ibrs_enhanced tpr_shadow vnmi flexpriority ept vpid ept_ad fsgsbase tsc_adjust bmi1 avx2 smep bmi2 erms invpcid mpx rdseed adx smap clflushopt intel_pt xsaveopt xsavec xgetbv1 xsaves dtherm ida arat pln pts hwp hwp_notify hwp_act_window hwp_epp md_clear flush_l1d arch_capabilities
vmx flags	: vnmi preemption_timer invvpid ept_x_only ept_ad ept_1gb flexpriority tsc_offset vtpr mtf vapic ept vpid unrestricted_guest ple shadow_vmcs pml ept_mode_based_exec
bugs		: spectre_v1 spectre_v2 spec_store_bypass swapgs taa itlb_multihit srbds mmio_stale_data retbleed eibrs_pbrsb
bogomips	: 6000.00
clflush size	: 64
cache_alignment	: 64
address sizes	: 39 bits physical, 48 bits virtual
power management:

processor	: 6
vendor_id	: GenuineIntel
cpu family	: 6
model		: 158
model name	: Intel(R) Core(TM) i7-9700 CPU @ 3.00GHz
stepping	: 13
microcode	: 0xf4
cpu MHz		: 4340.607
cache size	: 12288 KB
physical id	: 0
siblings	: 8
core id		: 6
cpu cores	: 8
apicid		: 12
initial apicid	: 12
fpu		: yes
fpu_exception	: yes
cpuid level	: 22
wp		: yes
flags		: fpu vme de pse tsc msr pae mce cx8 apic sep mtrr pge mca cmov pat pse36 clflush dts acpi mmx fxsr sse sse2 ss ht tm pbe syscall nx pdpe1gb rdtscp lm constant_tsc art arch_perfmon pebs bts rep_good nopl xtopology nonstop_tsc cpuid aperfmperf pni pclmulqdq dtes64 monitor ds_cpl vmx smx est tm2 ssse3 sdbg fma cx16 xtpr pdcm pcid sse4_1 sse4_2 x2apic movbe popcnt tsc_deadline_timer aes xsave avx f16c rdrand lahf_lm abm 3dnowprefetch cpuid_fault epb invpcid_single ssbd ibrs ibpb stibp ibrs_enhanced tpr_shadow vnmi flexpriority ept vpid ept_ad fsgsbase tsc_adjust bmi1 avx2 smep bmi2 erms invpcid mpx rdseed adx smap clflushopt intel_pt xsaveopt xsavec xgetbv1 xsaves dtherm ida arat pln pts hwp hwp_notify hwp_act_window hwp_epp md_clear flush_l1d arch_capabilities
vmx flags	: vnmi preemption_timer invvpid ept_x_only ept_ad ept_1gb flexpriority tsc_offset vtpr mtf vapic ept vpid unrestricted_guest ple shadow_vmcs pml ept_mode_based_exec
bugs		: spectre_v1 spectre_v2 spec_store_bypass swapgs taa itlb_multihit srbds mmio_stale_data retbleed eibrs_pbrsb
bogomips	: 6000.00
clflush size	: 64
cache_alignment	: 64
address sizes	: 39 bits physical, 48 bits virtual
power management:

processor	: 7
vendor_id	: GenuineIntel
cpu family	: 6
model		: 158
model name	: Intel(R) Core(TM) i7-9700 CPU @ 3.00GHz
stepping	: 13
microcode	: 0xf4
cpu MHz		: 4340.602
cache size	: 12288 KB
physical id	: 0
siblings	: 8
core id		: 7
cpu cores	: 8
apicid		: 14
initial apicid	: 14
fpu		: yes
fpu_exception	: yes
cpuid level	: 22
wp		: yes
flags		: fpu vme de pse tsc msr pae mce cx8 apic sep mtrr pge mca cmov pat pse36 clflush dts acpi mmx fxsr sse sse2 ss ht tm pbe syscall nx pdpe1gb rdtscp lm constant_tsc art arch_perfmon pebs bts rep_good nopl xtopology nonstop_tsc cpuid aperfmperf pni pclmulqdq dtes64 monitor ds_cpl vmx smx est tm2 ssse3 sdbg fma cx16 xtpr pdcm pcid sse4_1 sse4_2 x2apic movbe popcnt tsc_deadline_timer aes xsave avx f16c rdrand lahf_lm abm 3dnowprefetch cpuid_fault epb invpcid_single ssbd ibrs ibpb stibp ibrs_enhanced tpr_shadow vnmi flexpriority ept vpid ept_ad fsgsbase tsc_adjust bmi1 avx2 smep bmi2 erms invpcid mpx rdseed adx smap clflushopt intel_pt xsaveopt xsavec xgetbv1 xsaves dtherm ida arat pln pts hwp hwp_notify hwp_act_window hwp_epp md_clear flush_l1d arch_capabilities
vmx flags	: vnmi preemption_timer invvpid ept_x_only ept_ad ept_1gb flexpriority tsc_offset vtpr mtf vapic ept vpid unrestricted_guest ple shadow_vmcs pml ept_mode_based_exec
bugs		: spectre_v1 spectre_v2 spec_store_bypass swapgs taa itlb_multihit srbds mmio_stale_data retbleed eibrs_pbrsb
bogomips	: 6000.00
clflush size	: 64
cache_alignment	: 64
address sizes	: 39 bits physical, 48 bits virtual
power management:



Memory: 4k page, physical 57422876k(37867788k free), swap 2097148k(2097148k free)

vm_info: OpenJDK 64-Bit Server VM (25.352-b08) for linux-amd64 JRE (1.8.0_352-8u352-ga-1~22.04-b08), built on Oct 25 2022 17:26:06 by "buildd" with gcc 11.3.0

time: Tue Mar 28 01:59:19 2023
timezone: UTC
elapsed time: 1.112168 seconds (0d 0h 0m 1s)

